Started GET "/" for 127.0.0.1 at 2017-07-06 15:02:26 +0530
Processing by Rails::WelcomeController#index as HTML
  Rendering C:/RailsInstaller/Ruby2.2.0/lib/ruby/gems/2.2.0/gems/railties-5.1.2/lib/rails/templates/rails/welcome/index.html.erb
  Rendered C:/RailsInstaller/Ruby2.2.0/lib/ruby/gems/2.2.0/gems/railties-5.1.2/lib/rails/templates/rails/welcome/index.html.erb (16.0ms)
Completed 200 OK in 1318ms (Views: 83.3ms)


Started GET "/favicon.ico" for 127.0.0.1 at 2017-07-06 15:02:27 +0530
  
ActionController::RoutingError (No route matches [GET] "/favicon.ico"):
  
actionpack (5.1.2) lib/action_dispatch/middleware/debug_exceptions.rb:63:in `call'
actionpack (5.1.2) lib/action_dispatch/middleware/show_exceptions.rb:31:in `call'
railties (5.1.2) lib/rails/rack/logger.rb:36:in `call_app'
railties (5.1.2) lib/rails/rack/logger.rb:24:in `block in call'
activesupport (5.1.2) lib/active_support/tagged_logging.rb:69:in `block in tagged'
activesupport (5.1.2) lib/active_support/tagged_logging.rb:26:in `tagged'
activesupport (5.1.2) lib/active_support/tagged_logging.rb:69:in `tagged'
railties (5.1.2) lib/rails/rack/logger.rb:24:in `call'
actionpack (5.1.2) lib/action_dispatch/middleware/remote_ip.rb:79:in `call'
actionpack (5.1.2) lib/action_dispatch/middleware/request_id.rb:25:in `call'
rack (2.0.3) lib/rack/runtime.rb:22:in `call'
activesupport (5.1.2) lib/active_support/cache/strategy/local_cache_middleware.rb:27:in `call'
actionpack (5.1.2) lib/action_dispatch/middleware/executor.rb:12:in `call'
actionpack (5.1.2) lib/action_dispatch/middleware/static.rb:125:in `call'
rack (2.0.3) lib/rack/sendfile.rb:111:in `call'
railties (5.1.2) lib/rails/engine.rb:522:in `call'
puma (3.9.1) lib/puma/configuration.rb:224:in `call'
puma (3.9.1) lib/puma/server.rb:602:in `handle_request'
puma (3.9.1) lib/puma/server.rb:435:in `process_client'
puma (3.9.1) lib/puma/server.rb:299:in `block in run'
puma (3.9.1) lib/puma/thread_pool.rb:120:in `call'
puma (3.9.1) lib/puma/thread_pool.rb:120:in `block in spawn_thread'
  [1m[35m (1.0ms)[0m  [1m[35mSET  @@SESSION.sql_mode = CONCAT(CONCAT(@@sql_mode, ',STRICT_ALL_TABLES'), ',NO_AUTO_VALUE_ON_ZERO'),  @@SESSION.sql_auto_is_null = 0, @@SESSION.wait_timeout = 2147483[0m
  [1m[35m (344.0ms)[0m  [1m[35mCREATE TABLE `schema_migrations` (`version` varchar(255) NOT NULL PRIMARY KEY) ENGINE=InnoDB[0m
  [1m[35m (286.0ms)[0m  [1m[35mCREATE TABLE `ar_internal_metadata` (`key` varchar(255) NOT NULL PRIMARY KEY, `value` varchar(255), `created_at` datetime NOT NULL, `updated_at` datetime NOT NULL) ENGINE=InnoDB[0m
  [1m[35m (2.0ms)[0m  [1m[34mSELECT DATABASE() as db[0m
  [1m[35m (3.0ms)[0m  [1m[34mSELECT GET_LOCK(2253939812606074005, 0)[0m
  [1m[35m (0.0ms)[0m  [1m[34mSELECT `schema_migrations`.`version` FROM `schema_migrations` ORDER BY `schema_migrations`.`version` ASC[0m
Migrating to CreateArticles (20170706093418)
  [1m[35m (426.0ms)[0m  [1m[35mCREATE TABLE `articles` (`id` bigint NOT NULL AUTO_INCREMENT PRIMARY KEY, `title` varchar(255), `body` text, `created_at` datetime NOT NULL, `updated_at` datetime NOT NULL) ENGINE=InnoDB[0m
  [1m[35m (0.0ms)[0m  [1m[35mBEGIN[0m
  [1m[35mSQL (0.0ms)[0m  [1m[32mINSERT INTO `schema_migrations` (`version`) VALUES ('20170706093418')[0m
  [1m[35m (63.0ms)[0m  [1m[35mCOMMIT[0m
  [1m[36mActiveRecord::InternalMetadata Load (0.0ms)[0m  [1m[34mSELECT  `ar_internal_metadata`.* FROM `ar_internal_metadata` WHERE `ar_internal_metadata`.`key` = 'environment' LIMIT 1[0m
  [1m[35m (0.0ms)[0m  [1m[35mBEGIN[0m
  [1m[35mSQL (1.0ms)[0m  [1m[32mINSERT INTO `ar_internal_metadata` (`key`, `value`, `created_at`, `updated_at`) VALUES ('environment', 'development', '2017-07-06 09:35:36', '2017-07-06 09:35:36')[0m
  [1m[35m (119.0ms)[0m  [1m[35mCOMMIT[0m
  [1m[35m (0.0ms)[0m  [1m[34mSELECT RELEASE_LOCK(2253939812606074005)[0m
  [1m[35m (1.0ms)[0m  [1m[34mSELECT `schema_migrations`.`version` FROM `schema_migrations` ORDER BY `schema_migrations`.`version` ASC[0m
  [1m[35m (1.0ms)[0m  [1m[35mSHOW CREATE TABLE `articles`[0m
  [1m[35m (1.0ms)[0m  [1m[35mSHOW TABLE STATUS LIKE 'articles'[0m
  [1m[35m (0.0ms)[0m  [1m[35mSET  @@SESSION.sql_mode = CONCAT(CONCAT(@@sql_mode, ',STRICT_ALL_TABLES'), ',NO_AUTO_VALUE_ON_ZERO'),  @@SESSION.sql_auto_is_null = 0, @@SESSION.wait_timeout = 2147483[0m
  [1m[35m (0.0ms)[0m  [1m[34mSELECT `schema_migrations`.`version` FROM `schema_migrations` ORDER BY `schema_migrations`.`version` ASC[0m
  [1m[35m (0.0ms)[0m  [1m[35mSET  @@SESSION.sql_mode = CONCAT(CONCAT(@@sql_mode, ',STRICT_ALL_TABLES'), ',NO_AUTO_VALUE_ON_ZERO'),  @@SESSION.sql_auto_is_null = 0, @@SESSION.wait_timeout = 2147483[0m
  [1m[35m (0.0ms)[0m  [1m[34mSELECT `schema_migrations`.`version` FROM `schema_migrations` ORDER BY `schema_migrations`.`version` ASC[0m
  [1m[35m (0.0ms)[0m  [1m[35mBEGIN[0m
  [1m[35mSQL (0.0ms)[0m  [1m[32mINSERT INTO `articles` (`title`, `body`, `created_at`, `updated_at`) VALUES ('Mother Night', 'Repellat itaque et ipsa eos.', '2017-07-06 09:45:08', '2017-07-06 09:45:08')[0m
  [1m[35m (28.0ms)[0m  [1m[35mCOMMIT[0m
  [1m[35m (0.0ms)[0m  [1m[35mBEGIN[0m
  [1m[35mSQL (0.0ms)[0m  [1m[32mINSERT INTO `articles` (`title`, `body`, `created_at`, `updated_at`) VALUES ('Wildfire at Midnight', 'Voluptatem neque animi distinctio nam est labore.', '2017-07-06 09:45:08', '2017-07-06 09:45:08')[0m
  [1m[35m (49.0ms)[0m  [1m[35mCOMMIT[0m
  [1m[35m (1.0ms)[0m  [1m[35mBEGIN[0m
  [1m[35mSQL (0.0ms)[0m  [1m[32mINSERT INTO `articles` (`title`, `body`, `created_at`, `updated_at`) VALUES ('The Golden Bowl', 'Ex quos dolorem ut sint quibusdam autem.', '2017-07-06 09:45:08', '2017-07-06 09:45:08')[0m
  [1m[35m (25.0ms)[0m  [1m[35mCOMMIT[0m
  [1m[35m (0.0ms)[0m  [1m[35mBEGIN[0m
  [1m[35mSQL (0.0ms)[0m  [1m[32mINSERT INTO `articles` (`title`, `body`, `created_at`, `updated_at`) VALUES ('This Side of Paradise', 'Ut illum est quia.', '2017-07-06 09:45:08', '2017-07-06 09:45:08')[0m
  [1m[35m (22.0ms)[0m  [1m[35mCOMMIT[0m
  [1m[35m (0.0ms)[0m  [1m[35mBEGIN[0m
  [1m[35mSQL (0.0ms)[0m  [1m[32mINSERT INTO `articles` (`title`, `body`, `created_at`, `updated_at`) VALUES ('The Wind\'s Twelve Quarters', 'Dolores pariatur animi consequatur exercitationem ullam praesentium dolores id.', '2017-07-06 09:45:08', '2017-07-06 09:45:08')[0m
  [1m[35m (29.0ms)[0m  [1m[35mCOMMIT[0m
  [1m[35m (1.0ms)[0m  [1m[35mSET  @@SESSION.sql_mode = CONCAT(CONCAT(@@sql_mode, ',STRICT_ALL_TABLES'), ',NO_AUTO_VALUE_ON_ZERO'),  @@SESSION.sql_auto_is_null = 0, @@SESSION.wait_timeout = 2147483[0m
  [1m[35m (0.0ms)[0m  [1m[34mSELECT `schema_migrations`.`version` FROM `schema_migrations` ORDER BY `schema_migrations`.`version` ASC[0m
  [1m[35m (1.0ms)[0m  [1m[35mBEGIN[0m
  [1m[35mSQL (1.0ms)[0m  [1m[32mINSERT INTO `articles` (`title`, `body`, `created_at`, `updated_at`) VALUES ('Endless Night', 'Et vel cumque dignissimos.', '2017-07-06 09:45:42', '2017-07-06 09:45:42')[0m
  [1m[35m (31.0ms)[0m  [1m[35mCOMMIT[0m
  [1m[35m (0.0ms)[0m  [1m[35mBEGIN[0m
  [1m[35mSQL (0.0ms)[0m  [1m[32mINSERT INTO `articles` (`title`, `body`, `created_at`, `updated_at`) VALUES ('In a Dry Season', 'Quidem similique delectus laborum.', '2017-07-06 09:45:42', '2017-07-06 09:45:42')[0m
  [1m[35m (83.0ms)[0m  [1m[35mCOMMIT[0m
  [1m[35m (0.0ms)[0m  [1m[35mBEGIN[0m
  [1m[35mSQL (0.0ms)[0m  [1m[32mINSERT INTO `articles` (`title`, `body`, `created_at`, `updated_at`) VALUES ('The Millstone', 'Perspiciatis optio quasi ut sed incidunt.', '2017-07-06 09:45:42', '2017-07-06 09:45:42')[0m
  [1m[35m (50.0ms)[0m  [1m[35mCOMMIT[0m
  [1m[35m (0.0ms)[0m  [1m[35mBEGIN[0m
  [1m[35mSQL (0.0ms)[0m  [1m[32mINSERT INTO `articles` (`title`, `body`, `created_at`, `updated_at`) VALUES ('The Sun Also Rises', 'Est quae molestias eius quo voluptatum dolores.', '2017-07-06 09:45:42', '2017-07-06 09:45:42')[0m
  [1m[35m (30.0ms)[0m  [1m[35mCOMMIT[0m
  [1m[35m (0.0ms)[0m  [1m[35mBEGIN[0m
  [1m[35mSQL (0.0ms)[0m  [1m[32mINSERT INTO `articles` (`title`, `body`, `created_at`, `updated_at`) VALUES ('Have His Carcase', 'Quae soluta et voluptas natus neque.', '2017-07-06 09:45:42', '2017-07-06 09:45:42')[0m
  [1m[35m (20.0ms)[0m  [1m[35mCOMMIT[0m
  [1m[35m (0.0ms)[0m  [1m[35mBEGIN[0m
  [1m[35mSQL (0.0ms)[0m  [1m[32mINSERT INTO `articles` (`title`, `body`, `created_at`, `updated_at`) VALUES ('Sleep the Brave', 'Corrupti sunt distinctio illo error.', '2017-07-06 09:45:42', '2017-07-06 09:45:42')[0m
  [1m[35m (20.0ms)[0m  [1m[35mCOMMIT[0m
  [1m[35m (0.0ms)[0m  [1m[35mBEGIN[0m
  [1m[35mSQL (0.0ms)[0m  [1m[32mINSERT INTO `articles` (`title`, `body`, `created_at`, `updated_at`) VALUES ('Lilies of the Field', 'Cum qui vitae aut voluptatibus sint.', '2017-07-06 09:45:42', '2017-07-06 09:45:42')[0m
  [1m[35m (20.0ms)[0m  [1m[35mCOMMIT[0m
  [1m[35m (0.0ms)[0m  [1m[35mBEGIN[0m
  [1m[35mSQL (0.0ms)[0m  [1m[32mINSERT INTO `articles` (`title`, `body`, `created_at`, `updated_at`) VALUES ('Recalled to Life', 'Unde molestias qui et nulla placeat.', '2017-07-06 09:45:42', '2017-07-06 09:45:42')[0m
  [1m[35m (20.0ms)[0m  [1m[35mCOMMIT[0m
  [1m[35m (0.0ms)[0m  [1m[35mBEGIN[0m
  [1m[35mSQL (0.0ms)[0m  [1m[32mINSERT INTO `articles` (`title`, `body`, `created_at`, `updated_at`) VALUES ('The Way of All Flesh', 'Voluptatem beatae quos sed.', '2017-07-06 09:45:42', '2017-07-06 09:45:42')[0m
  [1m[35m (30.0ms)[0m  [1m[35mCOMMIT[0m
  [1m[35m (0.0ms)[0m  [1m[35mBEGIN[0m
  [1m[35mSQL (0.0ms)[0m  [1m[32mINSERT INTO `articles` (`title`, `body`, `created_at`, `updated_at`) VALUES ('Time of our Darkness', 'Non a animi qui hic quod quia.', '2017-07-06 09:45:42', '2017-07-06 09:45:42')[0m
  [1m[35m (104.0ms)[0m  [1m[35mCOMMIT[0m
Started GET "/api/v1/articles" for 127.0.0.1 at 2017-07-06 15:24:06 +0530
  [1m[35m (0.0ms)[0m  [1m[35mSET  @@SESSION.sql_mode = CONCAT(CONCAT(@@sql_mode, ',STRICT_ALL_TABLES'), ',NO_AUTO_VALUE_ON_ZERO'),  @@SESSION.sql_auto_is_null = 0, @@SESSION.wait_timeout = 2147483[0m
  [1m[35m (0.0ms)[0m  [1m[34mSELECT `schema_migrations`.`version` FROM `schema_migrations` ORDER BY `schema_migrations`.`version` ASC[0m
  
SyntaxError (C:/sites/myarticles/app/controllers/api/v1/articles_controller.rb:2: class/module name must be CONSTANT
C:/sites/myarticles/app/controllers/api/v1/articles_controller.rb:8: syntax error, unexpected end-of-input, expecting keyword_end):
  
app/controllers/api/v1/articles_controller.rb:2: class/module name must be CONSTANT
app/controllers/api/v1/articles_controller.rb:8: syntax error, unexpected end-of-input, expecting keyword_end
Started GET "/api/v1/articles" for 127.0.0.1 at 2017-07-06 15:25:44 +0530
  
SyntaxError (C:/sites/myarticles/app/controllers/api/v1/articles_controller.rb:8: syntax error, unexpected end-of-input, expecting keyword_end):
  
app/controllers/api/v1/articles_controller.rb:8: syntax error, unexpected end-of-input, expecting keyword_end
Started GET "/api/v1/articles" for 127.0.0.1 at 2017-07-06 15:25:47 +0530
  
SyntaxError (C:/sites/myarticles/app/controllers/api/v1/articles_controller.rb:8: syntax error, unexpected end-of-input, expecting keyword_end):
  
app/controllers/api/v1/articles_controller.rb:8: syntax error, unexpected end-of-input, expecting keyword_end
Started GET "/api/v1/articles" for 127.0.0.1 at 2017-07-06 15:26:22 +0530
  
SyntaxError (C:/sites/myarticles/app/controllers/api/v1/articles_controller.rb:8: syntax error, unexpected end-of-input, expecting keyword_end):
  
app/controllers/api/v1/articles_controller.rb:8: syntax error, unexpected end-of-input, expecting keyword_end
Started GET "/api/v1/articles" for 127.0.0.1 at 2017-07-06 15:27:36 +0530
  
LoadError (Unable to autoload constant Api::V1::ArticlesController, expected C:/sites/myarticles/app/controllers/api/v1/articles_controller.rb to define it):
  
activesupport (5.1.2) lib/active_support/dependencies.rb:511:in `load_missing_constant'
activesupport (5.1.2) lib/active_support/dependencies.rb:202:in `const_missing'
activesupport (5.1.2) lib/active_support/inflector/methods.rb:271:in `const_get'
activesupport (5.1.2) lib/active_support/inflector/methods.rb:271:in `block in constantize'
activesupport (5.1.2) lib/active_support/inflector/methods.rb:267:in `each'
activesupport (5.1.2) lib/active_support/inflector/methods.rb:267:in `inject'
activesupport (5.1.2) lib/active_support/inflector/methods.rb:267:in `constantize'
activesupport (5.1.2) lib/active_support/dependencies.rb:582:in `get'
activesupport (5.1.2) lib/active_support/dependencies.rb:613:in `constantize'
actionpack (5.1.2) lib/action_dispatch/http/request.rb:82:in `controller_class'
actionpack (5.1.2) lib/action_dispatch/routing/route_set.rb:43:in `controller'
actionpack (5.1.2) lib/action_dispatch/routing/route_set.rb:29:in `serve'
actionpack (5.1.2) lib/action_dispatch/journey/router.rb:46:in `block in serve'
actionpack (5.1.2) lib/action_dispatch/journey/router.rb:33:in `each'
actionpack (5.1.2) lib/action_dispatch/journey/router.rb:33:in `serve'
actionpack (5.1.2) lib/action_dispatch/routing/route_set.rb:832:in `call'
rack (2.0.3) lib/rack/etag.rb:25:in `call'
rack (2.0.3) lib/rack/conditional_get.rb:25:in `call'
rack (2.0.3) lib/rack/head.rb:12:in `call'
activerecord (5.1.2) lib/active_record/migration.rb:556:in `call'
actionpack (5.1.2) lib/action_dispatch/middleware/callbacks.rb:26:in `block in call'
activesupport (5.1.2) lib/active_support/callbacks.rb:97:in `run_callbacks'
actionpack (5.1.2) lib/action_dispatch/middleware/callbacks.rb:24:in `call'
actionpack (5.1.2) lib/action_dispatch/middleware/executor.rb:12:in `call'
actionpack (5.1.2) lib/action_dispatch/middleware/debug_exceptions.rb:59:in `call'
actionpack (5.1.2) lib/action_dispatch/middleware/show_exceptions.rb:31:in `call'
railties (5.1.2) lib/rails/rack/logger.rb:36:in `call_app'
railties (5.1.2) lib/rails/rack/logger.rb:24:in `block in call'
activesupport (5.1.2) lib/active_support/tagged_logging.rb:69:in `block in tagged'
activesupport (5.1.2) lib/active_support/tagged_logging.rb:26:in `tagged'
activesupport (5.1.2) lib/active_support/tagged_logging.rb:69:in `tagged'
railties (5.1.2) lib/rails/rack/logger.rb:24:in `call'
actionpack (5.1.2) lib/action_dispatch/middleware/remote_ip.rb:79:in `call'
actionpack (5.1.2) lib/action_dispatch/middleware/request_id.rb:25:in `call'
rack (2.0.3) lib/rack/runtime.rb:22:in `call'
activesupport (5.1.2) lib/active_support/cache/strategy/local_cache_middleware.rb:27:in `call'
actionpack (5.1.2) lib/action_dispatch/middleware/executor.rb:12:in `call'
actionpack (5.1.2) lib/action_dispatch/middleware/static.rb:125:in `call'
rack (2.0.3) lib/rack/sendfile.rb:111:in `call'
railties (5.1.2) lib/rails/engine.rb:522:in `call'
puma (3.9.1) lib/puma/configuration.rb:224:in `call'
puma (3.9.1) lib/puma/server.rb:602:in `handle_request'
puma (3.9.1) lib/puma/server.rb:435:in `process_client'
puma (3.9.1) lib/puma/server.rb:299:in `block in run'
puma (3.9.1) lib/puma/thread_pool.rb:120:in `call'
puma (3.9.1) lib/puma/thread_pool.rb:120:in `block in spawn_thread'
Started GET "/api/v1/articles" for 127.0.0.1 at 2017-07-06 15:28:20 +0530
  
LoadError (Unable to autoload constant Api::V1::ArticlesController, expected C:/sites/myarticles/app/controllers/api/v1/articles_controller.rb to define it):
  
activesupport (5.1.2) lib/active_support/dependencies.rb:511:in `load_missing_constant'
activesupport (5.1.2) lib/active_support/dependencies.rb:202:in `const_missing'
activesupport (5.1.2) lib/active_support/inflector/methods.rb:271:in `const_get'
activesupport (5.1.2) lib/active_support/inflector/methods.rb:271:in `block in constantize'
activesupport (5.1.2) lib/active_support/inflector/methods.rb:267:in `each'
activesupport (5.1.2) lib/active_support/inflector/methods.rb:267:in `inject'
activesupport (5.1.2) lib/active_support/inflector/methods.rb:267:in `constantize'
activesupport (5.1.2) lib/active_support/dependencies.rb:582:in `get'
activesupport (5.1.2) lib/active_support/dependencies.rb:613:in `constantize'
actionpack (5.1.2) lib/action_dispatch/http/request.rb:82:in `controller_class'
actionpack (5.1.2) lib/action_dispatch/routing/route_set.rb:43:in `controller'
actionpack (5.1.2) lib/action_dispatch/routing/route_set.rb:29:in `serve'
actionpack (5.1.2) lib/action_dispatch/journey/router.rb:46:in `block in serve'
actionpack (5.1.2) lib/action_dispatch/journey/router.rb:33:in `each'
actionpack (5.1.2) lib/action_dispatch/journey/router.rb:33:in `serve'
actionpack (5.1.2) lib/action_dispatch/routing/route_set.rb:832:in `call'
rack (2.0.3) lib/rack/etag.rb:25:in `call'
rack (2.0.3) lib/rack/conditional_get.rb:25:in `call'
rack (2.0.3) lib/rack/head.rb:12:in `call'
activerecord (5.1.2) lib/active_record/migration.rb:556:in `call'
actionpack (5.1.2) lib/action_dispatch/middleware/callbacks.rb:26:in `block in call'
activesupport (5.1.2) lib/active_support/callbacks.rb:97:in `run_callbacks'
actionpack (5.1.2) lib/action_dispatch/middleware/callbacks.rb:24:in `call'
actionpack (5.1.2) lib/action_dispatch/middleware/executor.rb:12:in `call'
actionpack (5.1.2) lib/action_dispatch/middleware/debug_exceptions.rb:59:in `call'
actionpack (5.1.2) lib/action_dispatch/middleware/show_exceptions.rb:31:in `call'
railties (5.1.2) lib/rails/rack/logger.rb:36:in `call_app'
railties (5.1.2) lib/rails/rack/logger.rb:24:in `block in call'
activesupport (5.1.2) lib/active_support/tagged_logging.rb:69:in `block in tagged'
activesupport (5.1.2) lib/active_support/tagged_logging.rb:26:in `tagged'
activesupport (5.1.2) lib/active_support/tagged_logging.rb:69:in `tagged'
railties (5.1.2) lib/rails/rack/logger.rb:24:in `call'
actionpack (5.1.2) lib/action_dispatch/middleware/remote_ip.rb:79:in `call'
actionpack (5.1.2) lib/action_dispatch/middleware/request_id.rb:25:in `call'
rack (2.0.3) lib/rack/runtime.rb:22:in `call'
activesupport (5.1.2) lib/active_support/cache/strategy/local_cache_middleware.rb:27:in `call'
actionpack (5.1.2) lib/action_dispatch/middleware/executor.rb:12:in `call'
actionpack (5.1.2) lib/action_dispatch/middleware/static.rb:125:in `call'
rack (2.0.3) lib/rack/sendfile.rb:111:in `call'
railties (5.1.2) lib/rails/engine.rb:522:in `call'
puma (3.9.1) lib/puma/configuration.rb:224:in `call'
puma (3.9.1) lib/puma/server.rb:602:in `handle_request'
puma (3.9.1) lib/puma/server.rb:435:in `process_client'
puma (3.9.1) lib/puma/server.rb:299:in `block in run'
puma (3.9.1) lib/puma/thread_pool.rb:120:in `call'
puma (3.9.1) lib/puma/thread_pool.rb:120:in `block in spawn_thread'
Started GET "/api/v1/articles" for 127.0.0.1 at 2017-07-06 15:30:32 +0530
  
LoadError (Unable to autoload constant Api::V1::ArticlesController, expected C:/sites/myarticles/app/controllers/api/v1/articles_controller.rb to define it):
  
activesupport (5.1.2) lib/active_support/dependencies.rb:511:in `load_missing_constant'
activesupport (5.1.2) lib/active_support/dependencies.rb:202:in `const_missing'
activesupport (5.1.2) lib/active_support/inflector/methods.rb:271:in `const_get'
activesupport (5.1.2) lib/active_support/inflector/methods.rb:271:in `block in constantize'
activesupport (5.1.2) lib/active_support/inflector/methods.rb:267:in `each'
activesupport (5.1.2) lib/active_support/inflector/methods.rb:267:in `inject'
activesupport (5.1.2) lib/active_support/inflector/methods.rb:267:in `constantize'
activesupport (5.1.2) lib/active_support/dependencies.rb:582:in `get'
activesupport (5.1.2) lib/active_support/dependencies.rb:613:in `constantize'
actionpack (5.1.2) lib/action_dispatch/http/request.rb:82:in `controller_class'
actionpack (5.1.2) lib/action_dispatch/routing/route_set.rb:43:in `controller'
actionpack (5.1.2) lib/action_dispatch/routing/route_set.rb:29:in `serve'
actionpack (5.1.2) lib/action_dispatch/journey/router.rb:46:in `block in serve'
actionpack (5.1.2) lib/action_dispatch/journey/router.rb:33:in `each'
actionpack (5.1.2) lib/action_dispatch/journey/router.rb:33:in `serve'
actionpack (5.1.2) lib/action_dispatch/routing/route_set.rb:832:in `call'
rack (2.0.3) lib/rack/etag.rb:25:in `call'
rack (2.0.3) lib/rack/conditional_get.rb:25:in `call'
rack (2.0.3) lib/rack/head.rb:12:in `call'
activerecord (5.1.2) lib/active_record/migration.rb:556:in `call'
actionpack (5.1.2) lib/action_dispatch/middleware/callbacks.rb:26:in `block in call'
activesupport (5.1.2) lib/active_support/callbacks.rb:97:in `run_callbacks'
actionpack (5.1.2) lib/action_dispatch/middleware/callbacks.rb:24:in `call'
actionpack (5.1.2) lib/action_dispatch/middleware/executor.rb:12:in `call'
actionpack (5.1.2) lib/action_dispatch/middleware/debug_exceptions.rb:59:in `call'
actionpack (5.1.2) lib/action_dispatch/middleware/show_exceptions.rb:31:in `call'
railties (5.1.2) lib/rails/rack/logger.rb:36:in `call_app'
railties (5.1.2) lib/rails/rack/logger.rb:24:in `block in call'
activesupport (5.1.2) lib/active_support/tagged_logging.rb:69:in `block in tagged'
activesupport (5.1.2) lib/active_support/tagged_logging.rb:26:in `tagged'
activesupport (5.1.2) lib/active_support/tagged_logging.rb:69:in `tagged'
railties (5.1.2) lib/rails/rack/logger.rb:24:in `call'
actionpack (5.1.2) lib/action_dispatch/middleware/remote_ip.rb:79:in `call'
actionpack (5.1.2) lib/action_dispatch/middleware/request_id.rb:25:in `call'
rack (2.0.3) lib/rack/runtime.rb:22:in `call'
activesupport (5.1.2) lib/active_support/cache/strategy/local_cache_middleware.rb:27:in `call'
actionpack (5.1.2) lib/action_dispatch/middleware/executor.rb:12:in `call'
actionpack (5.1.2) lib/action_dispatch/middleware/static.rb:125:in `call'
rack (2.0.3) lib/rack/sendfile.rb:111:in `call'
railties (5.1.2) lib/rails/engine.rb:522:in `call'
puma (3.9.1) lib/puma/configuration.rb:224:in `call'
puma (3.9.1) lib/puma/server.rb:602:in `handle_request'
puma (3.9.1) lib/puma/server.rb:435:in `process_client'
puma (3.9.1) lib/puma/server.rb:299:in `block in run'
puma (3.9.1) lib/puma/thread_pool.rb:120:in `call'
puma (3.9.1) lib/puma/thread_pool.rb:120:in `block in spawn_thread'
Started GET "/api/v1/articles" for 127.0.0.1 at 2017-07-06 15:32:46 +0530
  
LoadError (Unable to autoload constant Api::V1::ArticlesController, expected C:/sites/myarticles/app/controllers/api/v1/articles_controller.rb to define it):
  
activesupport (5.1.2) lib/active_support/dependencies.rb:511:in `load_missing_constant'
activesupport (5.1.2) lib/active_support/dependencies.rb:202:in `const_missing'
activesupport (5.1.2) lib/active_support/inflector/methods.rb:271:in `const_get'
activesupport (5.1.2) lib/active_support/inflector/methods.rb:271:in `block in constantize'
activesupport (5.1.2) lib/active_support/inflector/methods.rb:267:in `each'
activesupport (5.1.2) lib/active_support/inflector/methods.rb:267:in `inject'
activesupport (5.1.2) lib/active_support/inflector/methods.rb:267:in `constantize'
activesupport (5.1.2) lib/active_support/dependencies.rb:582:in `get'
activesupport (5.1.2) lib/active_support/dependencies.rb:613:in `constantize'
actionpack (5.1.2) lib/action_dispatch/http/request.rb:82:in `controller_class'
actionpack (5.1.2) lib/action_dispatch/routing/route_set.rb:43:in `controller'
actionpack (5.1.2) lib/action_dispatch/routing/route_set.rb:29:in `serve'
actionpack (5.1.2) lib/action_dispatch/journey/router.rb:46:in `block in serve'
actionpack (5.1.2) lib/action_dispatch/journey/router.rb:33:in `each'
actionpack (5.1.2) lib/action_dispatch/journey/router.rb:33:in `serve'
actionpack (5.1.2) lib/action_dispatch/routing/route_set.rb:832:in `call'
rack (2.0.3) lib/rack/etag.rb:25:in `call'
rack (2.0.3) lib/rack/conditional_get.rb:25:in `call'
rack (2.0.3) lib/rack/head.rb:12:in `call'
activerecord (5.1.2) lib/active_record/migration.rb:556:in `call'
actionpack (5.1.2) lib/action_dispatch/middleware/callbacks.rb:26:in `block in call'
activesupport (5.1.2) lib/active_support/callbacks.rb:97:in `run_callbacks'
actionpack (5.1.2) lib/action_dispatch/middleware/callbacks.rb:24:in `call'
actionpack (5.1.2) lib/action_dispatch/middleware/executor.rb:12:in `call'
actionpack (5.1.2) lib/action_dispatch/middleware/debug_exceptions.rb:59:in `call'
actionpack (5.1.2) lib/action_dispatch/middleware/show_exceptions.rb:31:in `call'
railties (5.1.2) lib/rails/rack/logger.rb:36:in `call_app'
railties (5.1.2) lib/rails/rack/logger.rb:24:in `block in call'
activesupport (5.1.2) lib/active_support/tagged_logging.rb:69:in `block in tagged'
activesupport (5.1.2) lib/active_support/tagged_logging.rb:26:in `tagged'
activesupport (5.1.2) lib/active_support/tagged_logging.rb:69:in `tagged'
railties (5.1.2) lib/rails/rack/logger.rb:24:in `call'
actionpack (5.1.2) lib/action_dispatch/middleware/remote_ip.rb:79:in `call'
actionpack (5.1.2) lib/action_dispatch/middleware/request_id.rb:25:in `call'
rack (2.0.3) lib/rack/runtime.rb:22:in `call'
activesupport (5.1.2) lib/active_support/cache/strategy/local_cache_middleware.rb:27:in `call'
actionpack (5.1.2) lib/action_dispatch/middleware/executor.rb:12:in `call'
actionpack (5.1.2) lib/action_dispatch/middleware/static.rb:125:in `call'
rack (2.0.3) lib/rack/sendfile.rb:111:in `call'
railties (5.1.2) lib/rails/engine.rb:522:in `call'
puma (3.9.1) lib/puma/configuration.rb:224:in `call'
puma (3.9.1) lib/puma/server.rb:602:in `handle_request'
puma (3.9.1) lib/puma/server.rb:435:in `process_client'
puma (3.9.1) lib/puma/server.rb:299:in `block in run'
puma (3.9.1) lib/puma/thread_pool.rb:120:in `call'
puma (3.9.1) lib/puma/thread_pool.rb:120:in `block in spawn_thread'
Started GET "/api/v1/articles" for 127.0.0.1 at 2017-07-06 15:33:34 +0530
  
LoadError (Unable to autoload constant Api::V1::ArticlesController, expected C:/sites/myarticles/app/controllers/api/v1/articles_controller.rb to define it):
  
activesupport (5.1.2) lib/active_support/dependencies.rb:511:in `load_missing_constant'
activesupport (5.1.2) lib/active_support/dependencies.rb:202:in `const_missing'
activesupport (5.1.2) lib/active_support/inflector/methods.rb:271:in `const_get'
activesupport (5.1.2) lib/active_support/inflector/methods.rb:271:in `block in constantize'
activesupport (5.1.2) lib/active_support/inflector/methods.rb:267:in `each'
activesupport (5.1.2) lib/active_support/inflector/methods.rb:267:in `inject'
activesupport (5.1.2) lib/active_support/inflector/methods.rb:267:in `constantize'
activesupport (5.1.2) lib/active_support/dependencies.rb:582:in `get'
activesupport (5.1.2) lib/active_support/dependencies.rb:613:in `constantize'
actionpack (5.1.2) lib/action_dispatch/http/request.rb:82:in `controller_class'
actionpack (5.1.2) lib/action_dispatch/routing/route_set.rb:43:in `controller'
actionpack (5.1.2) lib/action_dispatch/routing/route_set.rb:29:in `serve'
actionpack (5.1.2) lib/action_dispatch/journey/router.rb:46:in `block in serve'
actionpack (5.1.2) lib/action_dispatch/journey/router.rb:33:in `each'
actionpack (5.1.2) lib/action_dispatch/journey/router.rb:33:in `serve'
actionpack (5.1.2) lib/action_dispatch/routing/route_set.rb:832:in `call'
rack (2.0.3) lib/rack/etag.rb:25:in `call'
rack (2.0.3) lib/rack/conditional_get.rb:25:in `call'
rack (2.0.3) lib/rack/head.rb:12:in `call'
activerecord (5.1.2) lib/active_record/migration.rb:556:in `call'
actionpack (5.1.2) lib/action_dispatch/middleware/callbacks.rb:26:in `block in call'
activesupport (5.1.2) lib/active_support/callbacks.rb:97:in `run_callbacks'
actionpack (5.1.2) lib/action_dispatch/middleware/callbacks.rb:24:in `call'
actionpack (5.1.2) lib/action_dispatch/middleware/executor.rb:12:in `call'
actionpack (5.1.2) lib/action_dispatch/middleware/debug_exceptions.rb:59:in `call'
actionpack (5.1.2) lib/action_dispatch/middleware/show_exceptions.rb:31:in `call'
railties (5.1.2) lib/rails/rack/logger.rb:36:in `call_app'
railties (5.1.2) lib/rails/rack/logger.rb:24:in `block in call'
activesupport (5.1.2) lib/active_support/tagged_logging.rb:69:in `block in tagged'
activesupport (5.1.2) lib/active_support/tagged_logging.rb:26:in `tagged'
activesupport (5.1.2) lib/active_support/tagged_logging.rb:69:in `tagged'
railties (5.1.2) lib/rails/rack/logger.rb:24:in `call'
actionpack (5.1.2) lib/action_dispatch/middleware/remote_ip.rb:79:in `call'
actionpack (5.1.2) lib/action_dispatch/middleware/request_id.rb:25:in `call'
rack (2.0.3) lib/rack/runtime.rb:22:in `call'
activesupport (5.1.2) lib/active_support/cache/strategy/local_cache_middleware.rb:27:in `call'
actionpack (5.1.2) lib/action_dispatch/middleware/executor.rb:12:in `call'
actionpack (5.1.2) lib/action_dispatch/middleware/static.rb:125:in `call'
rack (2.0.3) lib/rack/sendfile.rb:111:in `call'
railties (5.1.2) lib/rails/engine.rb:522:in `call'
puma (3.9.1) lib/puma/configuration.rb:224:in `call'
puma (3.9.1) lib/puma/server.rb:602:in `handle_request'
puma (3.9.1) lib/puma/server.rb:435:in `process_client'
puma (3.9.1) lib/puma/server.rb:299:in `block in run'
puma (3.9.1) lib/puma/thread_pool.rb:120:in `call'
puma (3.9.1) lib/puma/thread_pool.rb:120:in `block in spawn_thread'
Started GET "/api/v1/articles" for 127.0.0.1 at 2017-07-06 15:34:40 +0530
Processing by Api::V1::ArticlesController#index as */*
  [1m[36mArticle Load (1.0ms)[0m  [1m[34mSELECT `articles`.* FROM `articles` ORDER BY created_at DESC[0m
Completed 200 OK in 53ms (Views: 32.7ms | ActiveRecord: 5.0ms)


Started GET "/api/v1/articles/4" for 127.0.0.1 at 2017-07-06 15:37:32 +0530
  
AbstractController::ActionNotFound (The action 'show' could not be found for Api::V1::ArticlesController):
  
actionpack (5.1.2) lib/abstract_controller/base.rb:119:in `process'
actionpack (5.1.2) lib/action_controller/metal.rb:189:in `dispatch'
actionpack (5.1.2) lib/action_controller/metal.rb:253:in `dispatch'
actionpack (5.1.2) lib/action_dispatch/routing/route_set.rb:49:in `dispatch'
actionpack (5.1.2) lib/action_dispatch/routing/route_set.rb:31:in `serve'
actionpack (5.1.2) lib/action_dispatch/journey/router.rb:46:in `block in serve'
actionpack (5.1.2) lib/action_dispatch/journey/router.rb:33:in `each'
actionpack (5.1.2) lib/action_dispatch/journey/router.rb:33:in `serve'
actionpack (5.1.2) lib/action_dispatch/routing/route_set.rb:832:in `call'
rack (2.0.3) lib/rack/etag.rb:25:in `call'
rack (2.0.3) lib/rack/conditional_get.rb:25:in `call'
rack (2.0.3) lib/rack/head.rb:12:in `call'
activerecord (5.1.2) lib/active_record/migration.rb:556:in `call'
actionpack (5.1.2) lib/action_dispatch/middleware/callbacks.rb:26:in `block in call'
activesupport (5.1.2) lib/active_support/callbacks.rb:97:in `run_callbacks'
actionpack (5.1.2) lib/action_dispatch/middleware/callbacks.rb:24:in `call'
actionpack (5.1.2) lib/action_dispatch/middleware/executor.rb:12:in `call'
actionpack (5.1.2) lib/action_dispatch/middleware/debug_exceptions.rb:59:in `call'
actionpack (5.1.2) lib/action_dispatch/middleware/show_exceptions.rb:31:in `call'
railties (5.1.2) lib/rails/rack/logger.rb:36:in `call_app'
railties (5.1.2) lib/rails/rack/logger.rb:24:in `block in call'
activesupport (5.1.2) lib/active_support/tagged_logging.rb:69:in `block in tagged'
activesupport (5.1.2) lib/active_support/tagged_logging.rb:26:in `tagged'
activesupport (5.1.2) lib/active_support/tagged_logging.rb:69:in `tagged'
railties (5.1.2) lib/rails/rack/logger.rb:24:in `call'
actionpack (5.1.2) lib/action_dispatch/middleware/remote_ip.rb:79:in `call'
actionpack (5.1.2) lib/action_dispatch/middleware/request_id.rb:25:in `call'
rack (2.0.3) lib/rack/runtime.rb:22:in `call'
activesupport (5.1.2) lib/active_support/cache/strategy/local_cache_middleware.rb:27:in `call'
actionpack (5.1.2) lib/action_dispatch/middleware/executor.rb:12:in `call'
actionpack (5.1.2) lib/action_dispatch/middleware/static.rb:125:in `call'
rack (2.0.3) lib/rack/sendfile.rb:111:in `call'
railties (5.1.2) lib/rails/engine.rb:522:in `call'
puma (3.9.1) lib/puma/configuration.rb:224:in `call'
puma (3.9.1) lib/puma/server.rb:602:in `handle_request'
puma (3.9.1) lib/puma/server.rb:435:in `process_client'
puma (3.9.1) lib/puma/server.rb:299:in `block in run'
puma (3.9.1) lib/puma/thread_pool.rb:120:in `call'
puma (3.9.1) lib/puma/thread_pool.rb:120:in `block in spawn_thread'
Started GET "/api/v1/articles/4" for 127.0.0.1 at 2017-07-06 15:39:00 +0530
Processing by Api::V1::ArticlesController#show as */*
  Parameters: {"id"=>"4"}
  [1m[36mArticle Load (0.0ms)[0m  [1m[34mSELECT  `articles`.* FROM `articles` WHERE `articles`.`id` = 4 LIMIT 1[0m
Completed 200 OK in 40ms (Views: 0.6ms | ActiveRecord: 28.0ms)


Started POST "/api/v1/articles" for 127.0.0.1 at 2017-07-06 15:45:24 +0530
Processing by Api::V1::ArticlesController#create as */*
  Parameters: {"text/plain"=>[""]}
Unpermitted parameter: :text/plain
  [1m[35m (0.0ms)[0m  [1m[35mBEGIN[0m
  [1m[35m (0.0ms)[0m  [1m[31mROLLBACK[0m
Completed 422 Unprocessable Entity in 70ms (Views: 1.3ms | ActiveRecord: 10.0ms)


Started POST "/api/v1/articles" for 127.0.0.1 at 2017-07-06 15:46:52 +0530
Error occurred while parsing request parameters.
Contents:

{
"title" : "test article one"
"body" : "test article body one"
}
  
ActionDispatch::Http::Parameters::ParseError (814: unexpected token at '{
"title" : "test article one"
"body" : "test article body one"
}'):
  
actionpack (5.1.2) lib/action_dispatch/http/parameters.rb:113:in `rescue in parse_formatted_parameters'
actionpack (5.1.2) lib/action_dispatch/http/parameters.rb:107:in `parse_formatted_parameters'
actionpack (5.1.2) lib/action_dispatch/http/request.rb:358:in `block in POST'
rack (2.0.3) lib/rack/request.rb:57:in `fetch'
rack (2.0.3) lib/rack/request.rb:57:in `fetch_header'
actionpack (5.1.2) lib/action_dispatch/http/request.rb:357:in `POST'
actionpack (5.1.2) lib/action_controller/metal/params_wrapper.rb:286:in `_wrapper_enabled?'
actionpack (5.1.2) lib/action_controller/metal/params_wrapper.rb:235:in `process_action'
activerecord (5.1.2) lib/active_record/railties/controller_runtime.rb:22:in `process_action'
actionpack (5.1.2) lib/abstract_controller/base.rb:124:in `process'
actionpack (5.1.2) lib/action_controller/metal.rb:189:in `dispatch'
actionpack (5.1.2) lib/action_controller/metal.rb:253:in `dispatch'
actionpack (5.1.2) lib/action_dispatch/routing/route_set.rb:49:in `dispatch'
actionpack (5.1.2) lib/action_dispatch/routing/route_set.rb:31:in `serve'
actionpack (5.1.2) lib/action_dispatch/journey/router.rb:46:in `block in serve'
actionpack (5.1.2) lib/action_dispatch/journey/router.rb:33:in `each'
actionpack (5.1.2) lib/action_dispatch/journey/router.rb:33:in `serve'
actionpack (5.1.2) lib/action_dispatch/routing/route_set.rb:832:in `call'
rack (2.0.3) lib/rack/etag.rb:25:in `call'
rack (2.0.3) lib/rack/conditional_get.rb:38:in `call'
rack (2.0.3) lib/rack/head.rb:12:in `call'
activerecord (5.1.2) lib/active_record/migration.rb:556:in `call'
actionpack (5.1.2) lib/action_dispatch/middleware/callbacks.rb:26:in `block in call'
activesupport (5.1.2) lib/active_support/callbacks.rb:97:in `run_callbacks'
actionpack (5.1.2) lib/action_dispatch/middleware/callbacks.rb:24:in `call'
actionpack (5.1.2) lib/action_dispatch/middleware/executor.rb:12:in `call'
actionpack (5.1.2) lib/action_dispatch/middleware/debug_exceptions.rb:59:in `call'
actionpack (5.1.2) lib/action_dispatch/middleware/show_exceptions.rb:31:in `call'
railties (5.1.2) lib/rails/rack/logger.rb:36:in `call_app'
railties (5.1.2) lib/rails/rack/logger.rb:24:in `block in call'
activesupport (5.1.2) lib/active_support/tagged_logging.rb:69:in `block in tagged'
activesupport (5.1.2) lib/active_support/tagged_logging.rb:26:in `tagged'
activesupport (5.1.2) lib/active_support/tagged_logging.rb:69:in `tagged'
railties (5.1.2) lib/rails/rack/logger.rb:24:in `call'
actionpack (5.1.2) lib/action_dispatch/middleware/remote_ip.rb:79:in `call'
actionpack (5.1.2) lib/action_dispatch/middleware/request_id.rb:25:in `call'
rack (2.0.3) lib/rack/runtime.rb:22:in `call'
activesupport (5.1.2) lib/active_support/cache/strategy/local_cache_middleware.rb:27:in `call'
actionpack (5.1.2) lib/action_dispatch/middleware/executor.rb:12:in `call'
actionpack (5.1.2) lib/action_dispatch/middleware/static.rb:125:in `call'
rack (2.0.3) lib/rack/sendfile.rb:111:in `call'
railties (5.1.2) lib/rails/engine.rb:522:in `call'
puma (3.9.1) lib/puma/configuration.rb:224:in `call'
puma (3.9.1) lib/puma/server.rb:602:in `handle_request'
puma (3.9.1) lib/puma/server.rb:435:in `process_client'
puma (3.9.1) lib/puma/server.rb:299:in `block in run'
puma (3.9.1) lib/puma/thread_pool.rb:120:in `call'
puma (3.9.1) lib/puma/thread_pool.rb:120:in `block in spawn_thread'
Started POST "/api/v1/articles" for 127.0.0.1 at 2017-07-06 15:49:16 +0530
Processing by Api::V1::ArticlesController#create as */*
  Parameters: {"title"=>"test article one", "body"=>"test article body one", "article"=>{"title"=>"test article one", "body"=>"test article body one"}}
Unpermitted parameter: :article
  [1m[35m (0.0ms)[0m  [1m[35mBEGIN[0m
  [1m[35mSQL (0.0ms)[0m  [1m[32mINSERT INTO `articles` (`title`, `body`, `created_at`, `updated_at`) VALUES ('test article one', 'test article body one', '2017-07-06 10:19:16', '2017-07-06 10:19:16')[0m
  [1m[35m (20.0ms)[0m  [1m[35mCOMMIT[0m
Completed 200 OK in 27ms (Views: 0.9ms | ActiveRecord: 20.0ms)


Started DELETE "/api/v1/articles/6" for 127.0.0.1 at 2017-07-06 15:52:32 +0530
Processing by Api::V1::ArticlesController#destroy as */*
  Parameters: {"title"=>"test article one", "body"=>"test article body one", "id"=>"6", "article"=>{"title"=>"test article one", "body"=>"test article body one"}}
  [1m[36mArticle Load (0.0ms)[0m  [1m[34mSELECT  `articles`.* FROM `articles` WHERE `articles`.`id` = 6 LIMIT 1[0m
  [1m[35m (0.0ms)[0m  [1m[35mBEGIN[0m
  [1m[35mSQL (18.0ms)[0m  [1m[31mDELETE FROM `articles` WHERE `articles`.`id` = 6[0m
  [1m[35m (36.0ms)[0m  [1m[35mCOMMIT[0m
Completed 200 OK in 65ms (Views: 0.8ms | ActiveRecord: 64.0ms)


Started DELETE "/api/v1/articles/6" for 127.0.0.1 at 2017-07-06 15:53:01 +0530
Processing by Api::V1::ArticlesController#destroy as */*
  Parameters: {"id"=>"6"}
  [1m[36mArticle Load (0.0ms)[0m  [1m[34mSELECT  `articles`.* FROM `articles` WHERE `articles`.`id` = 6 LIMIT 1[0m
Completed 404 Not Found in 0ms (ActiveRecord: 0.0ms)


  
ActiveRecord::RecordNotFound (Couldn't find Article with 'id'=6):
  
app/controllers/api/v1/articles_controller.rb:27:in `destroy'
Started DELETE "/api/v1/articles/16" for 127.0.0.1 at 2017-07-06 15:53:14 +0530
Processing by Api::V1::ArticlesController#destroy as */*
  Parameters: {"id"=>"16"}
  [1m[36mArticle Load (0.0ms)[0m  [1m[34mSELECT  `articles`.* FROM `articles` WHERE `articles`.`id` = 16 LIMIT 1[0m
  [1m[35m (0.0ms)[0m  [1m[35mBEGIN[0m
  [1m[35mSQL (0.0ms)[0m  [1m[31mDELETE FROM `articles` WHERE `articles`.`id` = 16[0m
  [1m[35m (50.0ms)[0m  [1m[35mCOMMIT[0m
Completed 200 OK in 70ms (Views: 1.1ms | ActiveRecord: 50.0ms)


Started PUT "/api/v1/articles/15" for 127.0.0.1 at 2017-07-06 15:56:38 +0530
Error occurred while parsing request parameters.
Contents:

{
"title" : "updated ttile"
"body"	: "updated body"
}
  
ActionDispatch::Http::Parameters::ParseError (814: unexpected token at '{
"title" : "updated ttile"
"body"	: "updated body"
}'):
  
actionpack (5.1.2) lib/action_dispatch/http/parameters.rb:113:in `rescue in parse_formatted_parameters'
actionpack (5.1.2) lib/action_dispatch/http/parameters.rb:107:in `parse_formatted_parameters'
actionpack (5.1.2) lib/action_dispatch/http/request.rb:358:in `block in POST'
rack (2.0.3) lib/rack/request.rb:57:in `fetch'
rack (2.0.3) lib/rack/request.rb:57:in `fetch_header'
actionpack (5.1.2) lib/action_dispatch/http/request.rb:357:in `POST'
actionpack (5.1.2) lib/action_controller/metal/params_wrapper.rb:286:in `_wrapper_enabled?'
actionpack (5.1.2) lib/action_controller/metal/params_wrapper.rb:235:in `process_action'
activerecord (5.1.2) lib/active_record/railties/controller_runtime.rb:22:in `process_action'
actionpack (5.1.2) lib/abstract_controller/base.rb:124:in `process'
actionpack (5.1.2) lib/action_controller/metal.rb:189:in `dispatch'
actionpack (5.1.2) lib/action_controller/metal.rb:253:in `dispatch'
actionpack (5.1.2) lib/action_dispatch/routing/route_set.rb:49:in `dispatch'
actionpack (5.1.2) lib/action_dispatch/routing/route_set.rb:31:in `serve'
actionpack (5.1.2) lib/action_dispatch/journey/router.rb:46:in `block in serve'
actionpack (5.1.2) lib/action_dispatch/journey/router.rb:33:in `each'
actionpack (5.1.2) lib/action_dispatch/journey/router.rb:33:in `serve'
actionpack (5.1.2) lib/action_dispatch/routing/route_set.rb:832:in `call'
rack (2.0.3) lib/rack/etag.rb:25:in `call'
rack (2.0.3) lib/rack/conditional_get.rb:38:in `call'
rack (2.0.3) lib/rack/head.rb:12:in `call'
activerecord (5.1.2) lib/active_record/migration.rb:556:in `call'
actionpack (5.1.2) lib/action_dispatch/middleware/callbacks.rb:26:in `block in call'
activesupport (5.1.2) lib/active_support/callbacks.rb:97:in `run_callbacks'
actionpack (5.1.2) lib/action_dispatch/middleware/callbacks.rb:24:in `call'
actionpack (5.1.2) lib/action_dispatch/middleware/executor.rb:12:in `call'
actionpack (5.1.2) lib/action_dispatch/middleware/debug_exceptions.rb:59:in `call'
actionpack (5.1.2) lib/action_dispatch/middleware/show_exceptions.rb:31:in `call'
railties (5.1.2) lib/rails/rack/logger.rb:36:in `call_app'
railties (5.1.2) lib/rails/rack/logger.rb:24:in `block in call'
activesupport (5.1.2) lib/active_support/tagged_logging.rb:69:in `block in tagged'
activesupport (5.1.2) lib/active_support/tagged_logging.rb:26:in `tagged'
activesupport (5.1.2) lib/active_support/tagged_logging.rb:69:in `tagged'
railties (5.1.2) lib/rails/rack/logger.rb:24:in `call'
actionpack (5.1.2) lib/action_dispatch/middleware/remote_ip.rb:79:in `call'
actionpack (5.1.2) lib/action_dispatch/middleware/request_id.rb:25:in `call'
rack (2.0.3) lib/rack/runtime.rb:22:in `call'
activesupport (5.1.2) lib/active_support/cache/strategy/local_cache_middleware.rb:27:in `call'
actionpack (5.1.2) lib/action_dispatch/middleware/executor.rb:12:in `call'
actionpack (5.1.2) lib/action_dispatch/middleware/static.rb:125:in `call'
rack (2.0.3) lib/rack/sendfile.rb:111:in `call'
railties (5.1.2) lib/rails/engine.rb:522:in `call'
puma (3.9.1) lib/puma/configuration.rb:224:in `call'
puma (3.9.1) lib/puma/server.rb:602:in `handle_request'
puma (3.9.1) lib/puma/server.rb:435:in `process_client'
puma (3.9.1) lib/puma/server.rb:299:in `block in run'
puma (3.9.1) lib/puma/thread_pool.rb:120:in `call'
puma (3.9.1) lib/puma/thread_pool.rb:120:in `block in spawn_thread'
Started PUT "/api/v1/articles/15" for 127.0.0.1 at 2017-07-06 15:56:59 +0530
Error occurred while parsing request parameters.
Contents:

{
"title" : "updated ttile"
"body"	: "updated body"
}
  
ActionDispatch::Http::Parameters::ParseError (814: unexpected token at '{
"title" : "updated ttile"
"body"	: "updated body"
}'):
  
actionpack (5.1.2) lib/action_dispatch/http/parameters.rb:113:in `rescue in parse_formatted_parameters'
actionpack (5.1.2) lib/action_dispatch/http/parameters.rb:107:in `parse_formatted_parameters'
actionpack (5.1.2) lib/action_dispatch/http/request.rb:358:in `block in POST'
rack (2.0.3) lib/rack/request.rb:57:in `fetch'
rack (2.0.3) lib/rack/request.rb:57:in `fetch_header'
actionpack (5.1.2) lib/action_dispatch/http/request.rb:357:in `POST'
actionpack (5.1.2) lib/action_controller/metal/params_wrapper.rb:286:in `_wrapper_enabled?'
actionpack (5.1.2) lib/action_controller/metal/params_wrapper.rb:235:in `process_action'
activerecord (5.1.2) lib/active_record/railties/controller_runtime.rb:22:in `process_action'
actionpack (5.1.2) lib/abstract_controller/base.rb:124:in `process'
actionpack (5.1.2) lib/action_controller/metal.rb:189:in `dispatch'
actionpack (5.1.2) lib/action_controller/metal.rb:253:in `dispatch'
actionpack (5.1.2) lib/action_dispatch/routing/route_set.rb:49:in `dispatch'
actionpack (5.1.2) lib/action_dispatch/routing/route_set.rb:31:in `serve'
actionpack (5.1.2) lib/action_dispatch/journey/router.rb:46:in `block in serve'
actionpack (5.1.2) lib/action_dispatch/journey/router.rb:33:in `each'
actionpack (5.1.2) lib/action_dispatch/journey/router.rb:33:in `serve'
actionpack (5.1.2) lib/action_dispatch/routing/route_set.rb:832:in `call'
rack (2.0.3) lib/rack/etag.rb:25:in `call'
rack (2.0.3) lib/rack/conditional_get.rb:38:in `call'
rack (2.0.3) lib/rack/head.rb:12:in `call'
activerecord (5.1.2) lib/active_record/migration.rb:556:in `call'
actionpack (5.1.2) lib/action_dispatch/middleware/callbacks.rb:26:in `block in call'
activesupport (5.1.2) lib/active_support/callbacks.rb:97:in `run_callbacks'
actionpack (5.1.2) lib/action_dispatch/middleware/callbacks.rb:24:in `call'
actionpack (5.1.2) lib/action_dispatch/middleware/executor.rb:12:in `call'
actionpack (5.1.2) lib/action_dispatch/middleware/debug_exceptions.rb:59:in `call'
actionpack (5.1.2) lib/action_dispatch/middleware/show_exceptions.rb:31:in `call'
railties (5.1.2) lib/rails/rack/logger.rb:36:in `call_app'
railties (5.1.2) lib/rails/rack/logger.rb:24:in `block in call'
activesupport (5.1.2) lib/active_support/tagged_logging.rb:69:in `block in tagged'
activesupport (5.1.2) lib/active_support/tagged_logging.rb:26:in `tagged'
activesupport (5.1.2) lib/active_support/tagged_logging.rb:69:in `tagged'
railties (5.1.2) lib/rails/rack/logger.rb:24:in `call'
actionpack (5.1.2) lib/action_dispatch/middleware/remote_ip.rb:79:in `call'
actionpack (5.1.2) lib/action_dispatch/middleware/request_id.rb:25:in `call'
rack (2.0.3) lib/rack/runtime.rb:22:in `call'
activesupport (5.1.2) lib/active_support/cache/strategy/local_cache_middleware.rb:27:in `call'
actionpack (5.1.2) lib/action_dispatch/middleware/executor.rb:12:in `call'
actionpack (5.1.2) lib/action_dispatch/middleware/static.rb:125:in `call'
rack (2.0.3) lib/rack/sendfile.rb:111:in `call'
railties (5.1.2) lib/rails/engine.rb:522:in `call'
puma (3.9.1) lib/puma/configuration.rb:224:in `call'
puma (3.9.1) lib/puma/server.rb:602:in `handle_request'
puma (3.9.1) lib/puma/server.rb:435:in `process_client'
puma (3.9.1) lib/puma/server.rb:299:in `block in run'
puma (3.9.1) lib/puma/thread_pool.rb:120:in `call'
puma (3.9.1) lib/puma/thread_pool.rb:120:in `block in spawn_thread'
Started PUT "/api/v1/articles/15" for 127.0.0.1 at 2017-07-06 15:57:01 +0530
Error occurred while parsing request parameters.
Contents:

{
"title" : "updated ttile"
"body"	: "updated body"
}
  
ActionDispatch::Http::Parameters::ParseError (814: unexpected token at '{
"title" : "updated ttile"
"body"	: "updated body"
}'):
  
actionpack (5.1.2) lib/action_dispatch/http/parameters.rb:113:in `rescue in parse_formatted_parameters'
actionpack (5.1.2) lib/action_dispatch/http/parameters.rb:107:in `parse_formatted_parameters'
actionpack (5.1.2) lib/action_dispatch/http/request.rb:358:in `block in POST'
rack (2.0.3) lib/rack/request.rb:57:in `fetch'
rack (2.0.3) lib/rack/request.rb:57:in `fetch_header'
actionpack (5.1.2) lib/action_dispatch/http/request.rb:357:in `POST'
actionpack (5.1.2) lib/action_controller/metal/params_wrapper.rb:286:in `_wrapper_enabled?'
actionpack (5.1.2) lib/action_controller/metal/params_wrapper.rb:235:in `process_action'
activerecord (5.1.2) lib/active_record/railties/controller_runtime.rb:22:in `process_action'
actionpack (5.1.2) lib/abstract_controller/base.rb:124:in `process'
actionpack (5.1.2) lib/action_controller/metal.rb:189:in `dispatch'
actionpack (5.1.2) lib/action_controller/metal.rb:253:in `dispatch'
actionpack (5.1.2) lib/action_dispatch/routing/route_set.rb:49:in `dispatch'
actionpack (5.1.2) lib/action_dispatch/routing/route_set.rb:31:in `serve'
actionpack (5.1.2) lib/action_dispatch/journey/router.rb:46:in `block in serve'
actionpack (5.1.2) lib/action_dispatch/journey/router.rb:33:in `each'
actionpack (5.1.2) lib/action_dispatch/journey/router.rb:33:in `serve'
actionpack (5.1.2) lib/action_dispatch/routing/route_set.rb:832:in `call'
rack (2.0.3) lib/rack/etag.rb:25:in `call'
rack (2.0.3) lib/rack/conditional_get.rb:38:in `call'
rack (2.0.3) lib/rack/head.rb:12:in `call'
activerecord (5.1.2) lib/active_record/migration.rb:556:in `call'
actionpack (5.1.2) lib/action_dispatch/middleware/callbacks.rb:26:in `block in call'
activesupport (5.1.2) lib/active_support/callbacks.rb:97:in `run_callbacks'
actionpack (5.1.2) lib/action_dispatch/middleware/callbacks.rb:24:in `call'
actionpack (5.1.2) lib/action_dispatch/middleware/executor.rb:12:in `call'
actionpack (5.1.2) lib/action_dispatch/middleware/debug_exceptions.rb:59:in `call'
actionpack (5.1.2) lib/action_dispatch/middleware/show_exceptions.rb:31:in `call'
railties (5.1.2) lib/rails/rack/logger.rb:36:in `call_app'
railties (5.1.2) lib/rails/rack/logger.rb:24:in `block in call'
activesupport (5.1.2) lib/active_support/tagged_logging.rb:69:in `block in tagged'
activesupport (5.1.2) lib/active_support/tagged_logging.rb:26:in `tagged'
activesupport (5.1.2) lib/active_support/tagged_logging.rb:69:in `tagged'
railties (5.1.2) lib/rails/rack/logger.rb:24:in `call'
actionpack (5.1.2) lib/action_dispatch/middleware/remote_ip.rb:79:in `call'
actionpack (5.1.2) lib/action_dispatch/middleware/request_id.rb:25:in `call'
rack (2.0.3) lib/rack/runtime.rb:22:in `call'
activesupport (5.1.2) lib/active_support/cache/strategy/local_cache_middleware.rb:27:in `call'
actionpack (5.1.2) lib/action_dispatch/middleware/executor.rb:12:in `call'
actionpack (5.1.2) lib/action_dispatch/middleware/static.rb:125:in `call'
rack (2.0.3) lib/rack/sendfile.rb:111:in `call'
railties (5.1.2) lib/rails/engine.rb:522:in `call'
puma (3.9.1) lib/puma/configuration.rb:224:in `call'
puma (3.9.1) lib/puma/server.rb:602:in `handle_request'
puma (3.9.1) lib/puma/server.rb:435:in `process_client'
puma (3.9.1) lib/puma/server.rb:299:in `block in run'
puma (3.9.1) lib/puma/thread_pool.rb:120:in `call'
puma (3.9.1) lib/puma/thread_pool.rb:120:in `block in spawn_thread'
Started PUT "/api/v1/articles/15" for 127.0.0.1 at 2017-07-06 15:57:01 +0530
Error occurred while parsing request parameters.
Contents:

{
"title" : "updated ttile"
"body"	: "updated body"
}
  
ActionDispatch::Http::Parameters::ParseError (814: unexpected token at '{
"title" : "updated ttile"
"body"	: "updated body"
}'):
  
actionpack (5.1.2) lib/action_dispatch/http/parameters.rb:113:in `rescue in parse_formatted_parameters'
actionpack (5.1.2) lib/action_dispatch/http/parameters.rb:107:in `parse_formatted_parameters'
actionpack (5.1.2) lib/action_dispatch/http/request.rb:358:in `block in POST'
rack (2.0.3) lib/rack/request.rb:57:in `fetch'
rack (2.0.3) lib/rack/request.rb:57:in `fetch_header'
actionpack (5.1.2) lib/action_dispatch/http/request.rb:357:in `POST'
actionpack (5.1.2) lib/action_controller/metal/params_wrapper.rb:286:in `_wrapper_enabled?'
actionpack (5.1.2) lib/action_controller/metal/params_wrapper.rb:235:in `process_action'
activerecord (5.1.2) lib/active_record/railties/controller_runtime.rb:22:in `process_action'
actionpack (5.1.2) lib/abstract_controller/base.rb:124:in `process'
actionpack (5.1.2) lib/action_controller/metal.rb:189:in `dispatch'
actionpack (5.1.2) lib/action_controller/metal.rb:253:in `dispatch'
actionpack (5.1.2) lib/action_dispatch/routing/route_set.rb:49:in `dispatch'
actionpack (5.1.2) lib/action_dispatch/routing/route_set.rb:31:in `serve'
actionpack (5.1.2) lib/action_dispatch/journey/router.rb:46:in `block in serve'
actionpack (5.1.2) lib/action_dispatch/journey/router.rb:33:in `each'
actionpack (5.1.2) lib/action_dispatch/journey/router.rb:33:in `serve'
actionpack (5.1.2) lib/action_dispatch/routing/route_set.rb:832:in `call'
rack (2.0.3) lib/rack/etag.rb:25:in `call'
rack (2.0.3) lib/rack/conditional_get.rb:38:in `call'
rack (2.0.3) lib/rack/head.rb:12:in `call'
activerecord (5.1.2) lib/active_record/migration.rb:556:in `call'
actionpack (5.1.2) lib/action_dispatch/middleware/callbacks.rb:26:in `block in call'
activesupport (5.1.2) lib/active_support/callbacks.rb:97:in `run_callbacks'
actionpack (5.1.2) lib/action_dispatch/middleware/callbacks.rb:24:in `call'
actionpack (5.1.2) lib/action_dispatch/middleware/executor.rb:12:in `call'
actionpack (5.1.2) lib/action_dispatch/middleware/debug_exceptions.rb:59:in `call'
actionpack (5.1.2) lib/action_dispatch/middleware/show_exceptions.rb:31:in `call'
railties (5.1.2) lib/rails/rack/logger.rb:36:in `call_app'
railties (5.1.2) lib/rails/rack/logger.rb:24:in `block in call'
activesupport (5.1.2) lib/active_support/tagged_logging.rb:69:in `block in tagged'
activesupport (5.1.2) lib/active_support/tagged_logging.rb:26:in `tagged'
activesupport (5.1.2) lib/active_support/tagged_logging.rb:69:in `tagged'
railties (5.1.2) lib/rails/rack/logger.rb:24:in `call'
actionpack (5.1.2) lib/action_dispatch/middleware/remote_ip.rb:79:in `call'
actionpack (5.1.2) lib/action_dispatch/middleware/request_id.rb:25:in `call'
rack (2.0.3) lib/rack/runtime.rb:22:in `call'
activesupport (5.1.2) lib/active_support/cache/strategy/local_cache_middleware.rb:27:in `call'
actionpack (5.1.2) lib/action_dispatch/middleware/executor.rb:12:in `call'
actionpack (5.1.2) lib/action_dispatch/middleware/static.rb:125:in `call'
rack (2.0.3) lib/rack/sendfile.rb:111:in `call'
railties (5.1.2) lib/rails/engine.rb:522:in `call'
puma (3.9.1) lib/puma/configuration.rb:224:in `call'
puma (3.9.1) lib/puma/server.rb:602:in `handle_request'
puma (3.9.1) lib/puma/server.rb:435:in `process_client'
puma (3.9.1) lib/puma/server.rb:299:in `block in run'
puma (3.9.1) lib/puma/thread_pool.rb:120:in `call'
puma (3.9.1) lib/puma/thread_pool.rb:120:in `block in spawn_thread'
Started PUT "/api/v1/articles/15" for 127.0.0.1 at 2017-07-06 15:59:51 +0530
Processing by Api::V1::ArticlesController#update as */*
  Parameters: {"id"=>"15"}
Unpermitted parameter: :id
  [1m[35m (0.0ms)[0m  [1m[35mBEGIN[0m
  [1m[35m (0.0ms)[0m  [1m[31mROLLBACK[0m
Completed 422 Unprocessable Entity in 30ms (Views: 0.2ms | ActiveRecord: 20.0ms)


Started PUT "/api/v1/articles/15" for 127.0.0.1 at 2017-07-06 15:59:56 +0530
Error occurred while parsing request parameters.
Contents:

{
"title" : "updated ttile"
"body"	: "updated body"
}
  
ActionDispatch::Http::Parameters::ParseError (814: unexpected token at '{
"title" : "updated ttile"
"body"	: "updated body"
}'):
  
actionpack (5.1.2) lib/action_dispatch/http/parameters.rb:113:in `rescue in parse_formatted_parameters'
actionpack (5.1.2) lib/action_dispatch/http/parameters.rb:107:in `parse_formatted_parameters'
actionpack (5.1.2) lib/action_dispatch/http/request.rb:358:in `block in POST'
rack (2.0.3) lib/rack/request.rb:57:in `fetch'
rack (2.0.3) lib/rack/request.rb:57:in `fetch_header'
actionpack (5.1.2) lib/action_dispatch/http/request.rb:357:in `POST'
actionpack (5.1.2) lib/action_controller/metal/params_wrapper.rb:286:in `_wrapper_enabled?'
actionpack (5.1.2) lib/action_controller/metal/params_wrapper.rb:235:in `process_action'
activerecord (5.1.2) lib/active_record/railties/controller_runtime.rb:22:in `process_action'
actionpack (5.1.2) lib/abstract_controller/base.rb:124:in `process'
actionpack (5.1.2) lib/action_controller/metal.rb:189:in `dispatch'
actionpack (5.1.2) lib/action_controller/metal.rb:253:in `dispatch'
actionpack (5.1.2) lib/action_dispatch/routing/route_set.rb:49:in `dispatch'
actionpack (5.1.2) lib/action_dispatch/routing/route_set.rb:31:in `serve'
actionpack (5.1.2) lib/action_dispatch/journey/router.rb:46:in `block in serve'
actionpack (5.1.2) lib/action_dispatch/journey/router.rb:33:in `each'
actionpack (5.1.2) lib/action_dispatch/journey/router.rb:33:in `serve'
actionpack (5.1.2) lib/action_dispatch/routing/route_set.rb:832:in `call'
rack (2.0.3) lib/rack/etag.rb:25:in `call'
rack (2.0.3) lib/rack/conditional_get.rb:38:in `call'
rack (2.0.3) lib/rack/head.rb:12:in `call'
activerecord (5.1.2) lib/active_record/migration.rb:556:in `call'
actionpack (5.1.2) lib/action_dispatch/middleware/callbacks.rb:26:in `block in call'
activesupport (5.1.2) lib/active_support/callbacks.rb:97:in `run_callbacks'
actionpack (5.1.2) lib/action_dispatch/middleware/callbacks.rb:24:in `call'
actionpack (5.1.2) lib/action_dispatch/middleware/executor.rb:12:in `call'
actionpack (5.1.2) lib/action_dispatch/middleware/debug_exceptions.rb:59:in `call'
actionpack (5.1.2) lib/action_dispatch/middleware/show_exceptions.rb:31:in `call'
railties (5.1.2) lib/rails/rack/logger.rb:36:in `call_app'
railties (5.1.2) lib/rails/rack/logger.rb:24:in `block in call'
activesupport (5.1.2) lib/active_support/tagged_logging.rb:69:in `block in tagged'
activesupport (5.1.2) lib/active_support/tagged_logging.rb:26:in `tagged'
activesupport (5.1.2) lib/active_support/tagged_logging.rb:69:in `tagged'
railties (5.1.2) lib/rails/rack/logger.rb:24:in `call'
actionpack (5.1.2) lib/action_dispatch/middleware/remote_ip.rb:79:in `call'
actionpack (5.1.2) lib/action_dispatch/middleware/request_id.rb:25:in `call'
rack (2.0.3) lib/rack/runtime.rb:22:in `call'
activesupport (5.1.2) lib/active_support/cache/strategy/local_cache_middleware.rb:27:in `call'
actionpack (5.1.2) lib/action_dispatch/middleware/executor.rb:12:in `call'
actionpack (5.1.2) lib/action_dispatch/middleware/static.rb:125:in `call'
rack (2.0.3) lib/rack/sendfile.rb:111:in `call'
railties (5.1.2) lib/rails/engine.rb:522:in `call'
puma (3.9.1) lib/puma/configuration.rb:224:in `call'
puma (3.9.1) lib/puma/server.rb:602:in `handle_request'
puma (3.9.1) lib/puma/server.rb:435:in `process_client'
puma (3.9.1) lib/puma/server.rb:299:in `block in run'
puma (3.9.1) lib/puma/thread_pool.rb:120:in `call'
puma (3.9.1) lib/puma/thread_pool.rb:120:in `block in spawn_thread'
Started PUT "/api/v1/articles/15" for 127.0.0.1 at 2017-07-06 15:59:59 +0530
Processing by Api::V1::ArticlesController#update as */*
  Parameters: {"title"=>"updated ttile", "body"=>"updated body", "id"=>"15", "article"=>{"title"=>"updated ttile", "body"=>"updated body"}}
Unpermitted parameters: :id, :article
  [1m[35m (0.0ms)[0m  [1m[35mBEGIN[0m
  [1m[35mSQL (7.0ms)[0m  [1m[32mINSERT INTO `articles` (`title`, `body`, `created_at`, `updated_at`) VALUES ('updated ttile', 'updated body', '2017-07-06 10:29:59', '2017-07-06 10:29:59')[0m
  [1m[35m (29.0ms)[0m  [1m[35mCOMMIT[0m
Completed 200 OK in 43ms (Views: 0.7ms | ActiveRecord: 36.0ms)


Started PUT "/api/v1/articles/15" for 127.0.0.1 at 2017-07-06 16:18:23 +0530
Processing by Api::V1::ArticlesController#update as */*
  Parameters: {"title"=>"updated title", "body"=>"updated body", "id"=>"15", "article"=>{"title"=>"updated title", "body"=>"updated body"}}
Unpermitted parameters: :id, :article
  [1m[35m (0.0ms)[0m  [1m[35mBEGIN[0m
  [1m[35mSQL (10.0ms)[0m  [1m[32mINSERT INTO `articles` (`title`, `body`, `created_at`, `updated_at`) VALUES ('updated title', 'updated body', '2017-07-06 10:48:23', '2017-07-06 10:48:23')[0m
  [1m[35m (30.0ms)[0m  [1m[35mCOMMIT[0m
Completed 200 OK in 40ms (Views: 0.8ms | ActiveRecord: 40.0ms)


Started PUT "/api/v1/articles/15" for 127.0.0.1 at 2017-07-06 16:20:26 +0530
Processing by Api::V1::ArticlesController#update as */*
  Parameters: {"title"=>"updated title", "body"=>"updated body", "id"=>"15", "article"=>{"title"=>"updated title", "body"=>"updated body"}}
  [1m[36mArticle Load (0.0ms)[0m  [1m[34mSELECT  `articles`.* FROM `articles` WHERE `articles`.`id` = 15 LIMIT 1[0m
Unpermitted parameters: :id, :article
  [1m[35m (10.0ms)[0m  [1m[35mBEGIN[0m
  [1m[35mSQL (20.0ms)[0m  [1m[33mUPDATE `articles` SET `title` = 'updated title', `body` = 'updated body', `updated_at` = '2017-07-06 10:50:26' WHERE `articles`.`id` = 15[0m
  [1m[35m (40.0ms)[0m  [1m[35mCOMMIT[0m
Completed 200 OK in 90ms (Views: 0.8ms | ActiveRecord: 70.0ms)


Started GET "/" for 127.0.0.1 at 2017-07-06 17:07:43 +0530
Processing by Rails::WelcomeController#index as HTML
  Rendering C:/RailsInstaller/Ruby2.2.0/lib/ruby/gems/2.2.0/gems/railties-5.1.2/lib/rails/templates/rails/welcome/index.html.erb
  Rendered C:/RailsInstaller/Ruby2.2.0/lib/ruby/gems/2.2.0/gems/railties-5.1.2/lib/rails/templates/rails/welcome/index.html.erb (234.0ms)
Completed 200 OK in 607ms (Views: 394.3ms | ActiveRecord: 0.0ms)


Started GET "/mailer" for 127.0.0.1 at 2017-07-06 17:07:54 +0530
  
ActionController::RoutingError (No route matches [GET] "/mailer"):
  
actionpack (5.1.2) lib/action_dispatch/middleware/debug_exceptions.rb:63:in `call'
actionpack (5.1.2) lib/action_dispatch/middleware/show_exceptions.rb:31:in `call'
railties (5.1.2) lib/rails/rack/logger.rb:36:in `call_app'
railties (5.1.2) lib/rails/rack/logger.rb:24:in `block in call'
activesupport (5.1.2) lib/active_support/tagged_logging.rb:69:in `block in tagged'
activesupport (5.1.2) lib/active_support/tagged_logging.rb:26:in `tagged'
activesupport (5.1.2) lib/active_support/tagged_logging.rb:69:in `tagged'
railties (5.1.2) lib/rails/rack/logger.rb:24:in `call'
actionpack (5.1.2) lib/action_dispatch/middleware/remote_ip.rb:79:in `call'
actionpack (5.1.2) lib/action_dispatch/middleware/request_id.rb:25:in `call'
rack (2.0.3) lib/rack/runtime.rb:22:in `call'
activesupport (5.1.2) lib/active_support/cache/strategy/local_cache_middleware.rb:27:in `call'
actionpack (5.1.2) lib/action_dispatch/middleware/executor.rb:12:in `call'
actionpack (5.1.2) lib/action_dispatch/middleware/static.rb:125:in `call'
rack (2.0.3) lib/rack/sendfile.rb:111:in `call'
railties (5.1.2) lib/rails/engine.rb:522:in `call'
puma (3.9.1) lib/puma/configuration.rb:224:in `call'
puma (3.9.1) lib/puma/server.rb:602:in `handle_request'
puma (3.9.1) lib/puma/server.rb:435:in `process_client'
puma (3.9.1) lib/puma/server.rb:299:in `block in run'
puma (3.9.1) lib/puma/thread_pool.rb:120:in `call'
puma (3.9.1) lib/puma/thread_pool.rb:120:in `block in spawn_thread'
Started GET "/mailer.html" for 127.0.0.1 at 2017-07-06 17:08:32 +0530
  
ActionController::RoutingError (No route matches [GET] "/mailer.html"):
  
actionpack (5.1.2) lib/action_dispatch/middleware/debug_exceptions.rb:63:in `call'
actionpack (5.1.2) lib/action_dispatch/middleware/show_exceptions.rb:31:in `call'
railties (5.1.2) lib/rails/rack/logger.rb:36:in `call_app'
railties (5.1.2) lib/rails/rack/logger.rb:24:in `block in call'
activesupport (5.1.2) lib/active_support/tagged_logging.rb:69:in `block in tagged'
activesupport (5.1.2) lib/active_support/tagged_logging.rb:26:in `tagged'
activesupport (5.1.2) lib/active_support/tagged_logging.rb:69:in `tagged'
railties (5.1.2) lib/rails/rack/logger.rb:24:in `call'
actionpack (5.1.2) lib/action_dispatch/middleware/remote_ip.rb:79:in `call'
actionpack (5.1.2) lib/action_dispatch/middleware/request_id.rb:25:in `call'
rack (2.0.3) lib/rack/runtime.rb:22:in `call'
activesupport (5.1.2) lib/active_support/cache/strategy/local_cache_middleware.rb:27:in `call'
actionpack (5.1.2) lib/action_dispatch/middleware/executor.rb:12:in `call'
actionpack (5.1.2) lib/action_dispatch/middleware/static.rb:125:in `call'
rack (2.0.3) lib/rack/sendfile.rb:111:in `call'
railties (5.1.2) lib/rails/engine.rb:522:in `call'
puma (3.9.1) lib/puma/configuration.rb:224:in `call'
puma (3.9.1) lib/puma/server.rb:602:in `handle_request'
puma (3.9.1) lib/puma/server.rb:435:in `process_client'
puma (3.9.1) lib/puma/server.rb:299:in `block in run'
puma (3.9.1) lib/puma/thread_pool.rb:120:in `call'
puma (3.9.1) lib/puma/thread_pool.rb:120:in `block in spawn_thread'
Started GET "/simpleblog" for 127.0.0.1 at 2017-07-06 17:08:49 +0530
  
ActionController::RoutingError (No route matches [GET] "/simpleblog"):
  
actionpack (5.1.2) lib/action_dispatch/middleware/debug_exceptions.rb:63:in `call'
actionpack (5.1.2) lib/action_dispatch/middleware/show_exceptions.rb:31:in `call'
railties (5.1.2) lib/rails/rack/logger.rb:36:in `call_app'
railties (5.1.2) lib/rails/rack/logger.rb:24:in `block in call'
activesupport (5.1.2) lib/active_support/tagged_logging.rb:69:in `block in tagged'
activesupport (5.1.2) lib/active_support/tagged_logging.rb:26:in `tagged'
activesupport (5.1.2) lib/active_support/tagged_logging.rb:69:in `tagged'
railties (5.1.2) lib/rails/rack/logger.rb:24:in `call'
actionpack (5.1.2) lib/action_dispatch/middleware/remote_ip.rb:79:in `call'
actionpack (5.1.2) lib/action_dispatch/middleware/request_id.rb:25:in `call'
rack (2.0.3) lib/rack/runtime.rb:22:in `call'
activesupport (5.1.2) lib/active_support/cache/strategy/local_cache_middleware.rb:27:in `call'
actionpack (5.1.2) lib/action_dispatch/middleware/executor.rb:12:in `call'
actionpack (5.1.2) lib/action_dispatch/middleware/static.rb:125:in `call'
rack (2.0.3) lib/rack/sendfile.rb:111:in `call'
railties (5.1.2) lib/rails/engine.rb:522:in `call'
puma (3.9.1) lib/puma/configuration.rb:224:in `call'
puma (3.9.1) lib/puma/server.rb:602:in `handle_request'
puma (3.9.1) lib/puma/server.rb:435:in `process_client'
puma (3.9.1) lib/puma/server.rb:299:in `block in run'
puma (3.9.1) lib/puma/thread_pool.rb:120:in `call'
puma (3.9.1) lib/puma/thread_pool.rb:120:in `block in spawn_thread'
Started GET "/" for 127.0.0.1 at 2017-07-06 17:24:27 +0530
Processing by Rails::WelcomeController#index as HTML
  Rendering C:/RailsInstaller/Ruby2.2.0/lib/ruby/gems/2.2.0/gems/railties-5.1.2/lib/rails/templates/rails/welcome/index.html.erb
  Rendered C:/RailsInstaller/Ruby2.2.0/lib/ruby/gems/2.2.0/gems/railties-5.1.2/lib/rails/templates/rails/welcome/index.html.erb (4.0ms)
Completed 200 OK in 57ms (Views: 30.6ms | ActiveRecord: 0.0ms)


Started GET "/" for 127.0.0.1 at 2017-07-06 17:24:29 +0530
Processing by Rails::WelcomeController#index as HTML
  Rendering C:/RailsInstaller/Ruby2.2.0/lib/ruby/gems/2.2.0/gems/railties-5.1.2/lib/rails/templates/rails/welcome/index.html.erb
  Rendered C:/RailsInstaller/Ruby2.2.0/lib/ruby/gems/2.2.0/gems/railties-5.1.2/lib/rails/templates/rails/welcome/index.html.erb (4.0ms)
Completed 200 OK in 56ms (Views: 30.3ms | ActiveRecord: 0.0ms)


Started GET "/" for 127.0.0.1 at 2017-07-06 17:24:30 +0530
Processing by Rails::WelcomeController#index as HTML
  Rendering C:/RailsInstaller/Ruby2.2.0/lib/ruby/gems/2.2.0/gems/railties-5.1.2/lib/rails/templates/rails/welcome/index.html.erb
  Rendered C:/RailsInstaller/Ruby2.2.0/lib/ruby/gems/2.2.0/gems/railties-5.1.2/lib/rails/templates/rails/welcome/index.html.erb (4.0ms)
Completed 200 OK in 56ms (Views: 30.1ms | ActiveRecord: 0.0ms)


Started GET "/" for 127.0.0.1 at 2017-07-06 17:24:30 +0530
Processing by Rails::WelcomeController#index as HTML
  Rendering C:/RailsInstaller/Ruby2.2.0/lib/ruby/gems/2.2.0/gems/railties-5.1.2/lib/rails/templates/rails/welcome/index.html.erb
  Rendered C:/RailsInstaller/Ruby2.2.0/lib/ruby/gems/2.2.0/gems/railties-5.1.2/lib/rails/templates/rails/welcome/index.html.erb (4.0ms)
Completed 200 OK in 57ms (Views: 29.9ms | ActiveRecord: 0.0ms)


Started GET "/" for 127.0.0.1 at 2017-07-06 17:24:30 +0530
Processing by Rails::WelcomeController#index as HTML
  Rendering C:/RailsInstaller/Ruby2.2.0/lib/ruby/gems/2.2.0/gems/railties-5.1.2/lib/rails/templates/rails/welcome/index.html.erb
  Rendered C:/RailsInstaller/Ruby2.2.0/lib/ruby/gems/2.2.0/gems/railties-5.1.2/lib/rails/templates/rails/welcome/index.html.erb (4.0ms)
Completed 200 OK in 71ms (Views: 30.5ms | ActiveRecord: 0.0ms)


Started GET "/" for 127.0.0.1 at 2017-07-06 17:24:30 +0530
Processing by Rails::WelcomeController#index as HTML
  Rendering C:/RailsInstaller/Ruby2.2.0/lib/ruby/gems/2.2.0/gems/railties-5.1.2/lib/rails/templates/rails/welcome/index.html.erb
  Rendered C:/RailsInstaller/Ruby2.2.0/lib/ruby/gems/2.2.0/gems/railties-5.1.2/lib/rails/templates/rails/welcome/index.html.erb (4.0ms)
Completed 200 OK in 56ms (Views: 30.3ms | ActiveRecord: 0.0ms)


Started GET "/api/v1/articles" for 192.168.1.32 at 2017-07-14 10:24:11 +0530
  
ActiveRecord::NoDatabaseError (Unknown database 'myarticles'):
  
activerecord (5.1.2) lib/active_record/connection_adapters/mysql2_adapter.rb:25:in `rescue in mysql2_connection'
activerecord (5.1.2) lib/active_record/connection_adapters/mysql2_adapter.rb:12:in `mysql2_connection'
activerecord (5.1.2) lib/active_record/connection_adapters/abstract/connection_pool.rb:759:in `new_connection'
activerecord (5.1.2) lib/active_record/connection_adapters/abstract/connection_pool.rb:803:in `checkout_new_connection'
activerecord (5.1.2) lib/active_record/connection_adapters/abstract/connection_pool.rb:782:in `try_to_checkout_new_connection'
activerecord (5.1.2) lib/active_record/connection_adapters/abstract/connection_pool.rb:743:in `acquire_connection'
activerecord (5.1.2) lib/active_record/connection_adapters/abstract/connection_pool.rb:500:in `checkout'
activerecord (5.1.2) lib/active_record/connection_adapters/abstract/connection_pool.rb:374:in `connection'
activerecord (5.1.2) lib/active_record/connection_adapters/abstract/connection_pool.rb:931:in `retrieve_connection'
activerecord (5.1.2) lib/active_record/connection_handling.rb:116:in `retrieve_connection'
activerecord (5.1.2) lib/active_record/connection_handling.rb:88:in `connection'
activerecord (5.1.2) lib/active_record/migration.rb:562:in `connection'
activerecord (5.1.2) lib/active_record/migration.rb:553:in `call'
actionpack (5.1.2) lib/action_dispatch/middleware/callbacks.rb:26:in `block in call'
activesupport (5.1.2) lib/active_support/callbacks.rb:97:in `run_callbacks'
actionpack (5.1.2) lib/action_dispatch/middleware/callbacks.rb:24:in `call'
actionpack (5.1.2) lib/action_dispatch/middleware/executor.rb:12:in `call'
actionpack (5.1.2) lib/action_dispatch/middleware/debug_exceptions.rb:59:in `call'
actionpack (5.1.2) lib/action_dispatch/middleware/show_exceptions.rb:31:in `call'
railties (5.1.2) lib/rails/rack/logger.rb:36:in `call_app'
railties (5.1.2) lib/rails/rack/logger.rb:24:in `block in call'
activesupport (5.1.2) lib/active_support/tagged_logging.rb:69:in `block in tagged'
activesupport (5.1.2) lib/active_support/tagged_logging.rb:26:in `tagged'
activesupport (5.1.2) lib/active_support/tagged_logging.rb:69:in `tagged'
railties (5.1.2) lib/rails/rack/logger.rb:24:in `call'
actionpack (5.1.2) lib/action_dispatch/middleware/remote_ip.rb:79:in `call'
actionpack (5.1.2) lib/action_dispatch/middleware/request_id.rb:25:in `call'
rack (2.0.3) lib/rack/runtime.rb:22:in `call'
activesupport (5.1.2) lib/active_support/cache/strategy/local_cache_middleware.rb:27:in `call'
actionpack (5.1.2) lib/action_dispatch/middleware/executor.rb:12:in `call'
actionpack (5.1.2) lib/action_dispatch/middleware/static.rb:125:in `call'
rack (2.0.3) lib/rack/sendfile.rb:111:in `call'
railties (5.1.2) lib/rails/engine.rb:522:in `call'
puma (3.9.1) lib/puma/configuration.rb:224:in `call'
puma (3.9.1) lib/puma/server.rb:602:in `handle_request'
puma (3.9.1) lib/puma/server.rb:435:in `process_client'
puma (3.9.1) lib/puma/server.rb:299:in `block in run'
puma (3.9.1) lib/puma/thread_pool.rb:120:in `call'
puma (3.9.1) lib/puma/thread_pool.rb:120:in `block in spawn_thread'
Started GET "/api/v1/articles" for 192.168.1.32 at 2017-07-14 10:26:36 +0530
  
ActiveRecord::NoDatabaseError (Unknown database 'myarticles'):
  
activerecord (5.1.2) lib/active_record/connection_adapters/mysql2_adapter.rb:25:in `rescue in mysql2_connection'
activerecord (5.1.2) lib/active_record/connection_adapters/mysql2_adapter.rb:12:in `mysql2_connection'
activerecord (5.1.2) lib/active_record/connection_adapters/abstract/connection_pool.rb:759:in `new_connection'
activerecord (5.1.2) lib/active_record/connection_adapters/abstract/connection_pool.rb:803:in `checkout_new_connection'
activerecord (5.1.2) lib/active_record/connection_adapters/abstract/connection_pool.rb:782:in `try_to_checkout_new_connection'
activerecord (5.1.2) lib/active_record/connection_adapters/abstract/connection_pool.rb:743:in `acquire_connection'
activerecord (5.1.2) lib/active_record/connection_adapters/abstract/connection_pool.rb:500:in `checkout'
activerecord (5.1.2) lib/active_record/connection_adapters/abstract/connection_pool.rb:374:in `connection'
activerecord (5.1.2) lib/active_record/connection_adapters/abstract/connection_pool.rb:931:in `retrieve_connection'
activerecord (5.1.2) lib/active_record/connection_handling.rb:116:in `retrieve_connection'
activerecord (5.1.2) lib/active_record/connection_handling.rb:88:in `connection'
activerecord (5.1.2) lib/active_record/migration.rb:562:in `connection'
activerecord (5.1.2) lib/active_record/migration.rb:553:in `call'
actionpack (5.1.2) lib/action_dispatch/middleware/callbacks.rb:26:in `block in call'
activesupport (5.1.2) lib/active_support/callbacks.rb:97:in `run_callbacks'
actionpack (5.1.2) lib/action_dispatch/middleware/callbacks.rb:24:in `call'
actionpack (5.1.2) lib/action_dispatch/middleware/executor.rb:12:in `call'
actionpack (5.1.2) lib/action_dispatch/middleware/debug_exceptions.rb:59:in `call'
actionpack (5.1.2) lib/action_dispatch/middleware/show_exceptions.rb:31:in `call'
railties (5.1.2) lib/rails/rack/logger.rb:36:in `call_app'
railties (5.1.2) lib/rails/rack/logger.rb:24:in `block in call'
activesupport (5.1.2) lib/active_support/tagged_logging.rb:69:in `block in tagged'
activesupport (5.1.2) lib/active_support/tagged_logging.rb:26:in `tagged'
activesupport (5.1.2) lib/active_support/tagged_logging.rb:69:in `tagged'
railties (5.1.2) lib/rails/rack/logger.rb:24:in `call'
actionpack (5.1.2) lib/action_dispatch/middleware/remote_ip.rb:79:in `call'
actionpack (5.1.2) lib/action_dispatch/middleware/request_id.rb:25:in `call'
rack (2.0.3) lib/rack/runtime.rb:22:in `call'
activesupport (5.1.2) lib/active_support/cache/strategy/local_cache_middleware.rb:27:in `call'
actionpack (5.1.2) lib/action_dispatch/middleware/executor.rb:12:in `call'
actionpack (5.1.2) lib/action_dispatch/middleware/static.rb:125:in `call'
rack (2.0.3) lib/rack/sendfile.rb:111:in `call'
railties (5.1.2) lib/rails/engine.rb:522:in `call'
puma (3.9.1) lib/puma/configuration.rb:224:in `call'
puma (3.9.1) lib/puma/server.rb:602:in `handle_request'
puma (3.9.1) lib/puma/server.rb:435:in `process_client'
puma (3.9.1) lib/puma/server.rb:299:in `block in run'
puma (3.9.1) lib/puma/thread_pool.rb:120:in `call'
puma (3.9.1) lib/puma/thread_pool.rb:120:in `block in spawn_thread'
Started GET "/api/v1/articles" for 192.168.1.32 at 2017-07-14 10:31:20 +0530
  [1m[35m (17.0ms)[0m  [1m[35mSET  @@SESSION.sql_mode = CONCAT(CONCAT(@@sql_mode, ',STRICT_ALL_TABLES'), ',NO_AUTO_VALUE_ON_ZERO'),  @@SESSION.sql_auto_is_null = 0, @@SESSION.wait_timeout = 2147483[0m
  
ActiveRecord::PendingMigrationError (

Migrations are pending. To resolve this issue, run:

        bin/rails db:migrate RAILS_ENV=development

):
  
activerecord (5.1.2) lib/active_record/migration.rb:576:in `check_pending!'
activerecord (5.1.2) lib/active_record/migration.rb:553:in `call'
actionpack (5.1.2) lib/action_dispatch/middleware/callbacks.rb:26:in `block in call'
activesupport (5.1.2) lib/active_support/callbacks.rb:97:in `run_callbacks'
actionpack (5.1.2) lib/action_dispatch/middleware/callbacks.rb:24:in `call'
actionpack (5.1.2) lib/action_dispatch/middleware/executor.rb:12:in `call'
actionpack (5.1.2) lib/action_dispatch/middleware/debug_exceptions.rb:59:in `call'
actionpack (5.1.2) lib/action_dispatch/middleware/show_exceptions.rb:31:in `call'
railties (5.1.2) lib/rails/rack/logger.rb:36:in `call_app'
railties (5.1.2) lib/rails/rack/logger.rb:24:in `block in call'
activesupport (5.1.2) lib/active_support/tagged_logging.rb:69:in `block in tagged'
activesupport (5.1.2) lib/active_support/tagged_logging.rb:26:in `tagged'
activesupport (5.1.2) lib/active_support/tagged_logging.rb:69:in `tagged'
railties (5.1.2) lib/rails/rack/logger.rb:24:in `call'
actionpack (5.1.2) lib/action_dispatch/middleware/remote_ip.rb:79:in `call'
actionpack (5.1.2) lib/action_dispatch/middleware/request_id.rb:25:in `call'
rack (2.0.3) lib/rack/runtime.rb:22:in `call'
activesupport (5.1.2) lib/active_support/cache/strategy/local_cache_middleware.rb:27:in `call'
actionpack (5.1.2) lib/action_dispatch/middleware/executor.rb:12:in `call'
actionpack (5.1.2) lib/action_dispatch/middleware/static.rb:125:in `call'
rack (2.0.3) lib/rack/sendfile.rb:111:in `call'
railties (5.1.2) lib/rails/engine.rb:522:in `call'
puma (3.9.1) lib/puma/configuration.rb:224:in `call'
puma (3.9.1) lib/puma/server.rb:602:in `handle_request'
puma (3.9.1) lib/puma/server.rb:435:in `process_client'
puma (3.9.1) lib/puma/server.rb:299:in `block in run'
puma (3.9.1) lib/puma/thread_pool.rb:120:in `call'
puma (3.9.1) lib/puma/thread_pool.rb:120:in `block in spawn_thread'
  [1m[35m (0.0ms)[0m  [1m[35mSET  @@SESSION.sql_mode = CONCAT(CONCAT(@@sql_mode, ',STRICT_ALL_TABLES'), ',NO_AUTO_VALUE_ON_ZERO'),  @@SESSION.sql_auto_is_null = 0, @@SESSION.wait_timeout = 2147483[0m
  [1m[35m (309.0ms)[0m  [1m[35mCREATE TABLE `schema_migrations` (`version` varchar(255) NOT NULL PRIMARY KEY) ENGINE=InnoDB[0m
  [1m[35m (469.0ms)[0m  [1m[35mCREATE TABLE `ar_internal_metadata` (`key` varchar(255) NOT NULL PRIMARY KEY, `value` varchar(255), `created_at` datetime NOT NULL, `updated_at` datetime NOT NULL) ENGINE=InnoDB[0m
  [1m[35m (0.0ms)[0m  [1m[34mSELECT DATABASE() as db[0m
  [1m[35m (46.0ms)[0m  [1m[34mSELECT GET_LOCK(2253939812606074005, 0)[0m
  [1m[35m (1.0ms)[0m  [1m[34mSELECT `schema_migrations`.`version` FROM `schema_migrations` ORDER BY `schema_migrations`.`version` ASC[0m
  [1m[36mActiveRecord::InternalMetadata Load (0.0ms)[0m  [1m[34mSELECT  `ar_internal_metadata`.* FROM `ar_internal_metadata` WHERE `ar_internal_metadata`.`key` = 'environment' LIMIT 1[0m
  [1m[35m (1.0ms)[0m  [1m[35mBEGIN[0m
  [1m[35mSQL (35.0ms)[0m  [1m[32mINSERT INTO `ar_internal_metadata` (`key`, `value`, `created_at`, `updated_at`) VALUES ('environment', 'development', '2017-07-14 05:07:08', '2017-07-14 05:07:08')[0m
  [1m[35m (64.0ms)[0m  [1m[35mCOMMIT[0m
  [1m[35m (10.0ms)[0m  [1m[34mSELECT RELEASE_LOCK(2253939812606074005)[0m
  [1m[35m (0.0ms)[0m  [1m[34mSELECT `schema_migrations`.`version` FROM `schema_migrations` ORDER BY `schema_migrations`.`version` ASC[0m
  [1m[35m (0.0ms)[0m  [1m[35mSET  @@SESSION.sql_mode = CONCAT(CONCAT(@@sql_mode, ',STRICT_ALL_TABLES'), ',NO_AUTO_VALUE_ON_ZERO'),  @@SESSION.sql_auto_is_null = 0, @@SESSION.wait_timeout = 2147483[0m
  [1m[35m (0.0ms)[0m  [1m[34mSELECT DATABASE() as db[0m
  [1m[35m (0.0ms)[0m  [1m[34mSELECT GET_LOCK(2253939812606074005, 0)[0m
  [1m[35m (0.0ms)[0m  [1m[34mSELECT `schema_migrations`.`version` FROM `schema_migrations` ORDER BY `schema_migrations`.`version` ASC[0m
  [1m[36mActiveRecord::InternalMetadata Load (0.0ms)[0m  [1m[34mSELECT  `ar_internal_metadata`.* FROM `ar_internal_metadata` WHERE `ar_internal_metadata`.`key` = 'environment' LIMIT 1[0m
  [1m[35m (0.0ms)[0m  [1m[35mBEGIN[0m
  [1m[35m (0.0ms)[0m  [1m[35mCOMMIT[0m
  [1m[35m (0.0ms)[0m  [1m[34mSELECT RELEASE_LOCK(2253939812606074005)[0m
  [1m[35m (0.0ms)[0m  [1m[34mSELECT `schema_migrations`.`version` FROM `schema_migrations` ORDER BY `schema_migrations`.`version` ASC[0m
  [1m[35m (0.0ms)[0m  [1m[35mSET  @@SESSION.sql_mode = CONCAT(CONCAT(@@sql_mode, ',STRICT_ALL_TABLES'), ',NO_AUTO_VALUE_ON_ZERO'),  @@SESSION.sql_auto_is_null = 0, @@SESSION.wait_timeout = 2147483[0m
  [1m[35m (0.0ms)[0m  [1m[34mSELECT DATABASE() as db[0m
  [1m[35m (0.0ms)[0m  [1m[34mSELECT GET_LOCK(2253939812606074005, 0)[0m
  [1m[35m (0.0ms)[0m  [1m[34mSELECT `schema_migrations`.`version` FROM `schema_migrations` ORDER BY `schema_migrations`.`version` ASC[0m
  [1m[36mActiveRecord::InternalMetadata Load (0.0ms)[0m  [1m[34mSELECT  `ar_internal_metadata`.* FROM `ar_internal_metadata` WHERE `ar_internal_metadata`.`key` = 'environment' LIMIT 1[0m
  [1m[35m (0.0ms)[0m  [1m[35mBEGIN[0m
  [1m[35m (0.0ms)[0m  [1m[35mCOMMIT[0m
  [1m[35m (0.0ms)[0m  [1m[34mSELECT RELEASE_LOCK(2253939812606074005)[0m
  [1m[35m (0.0ms)[0m  [1m[34mSELECT `schema_migrations`.`version` FROM `schema_migrations` ORDER BY `schema_migrations`.`version` ASC[0m
  [1m[35m (0.0ms)[0m  [1m[35mSET  @@SESSION.sql_mode = CONCAT(CONCAT(@@sql_mode, ',STRICT_ALL_TABLES'), ',NO_AUTO_VALUE_ON_ZERO'),  @@SESSION.sql_auto_is_null = 0, @@SESSION.wait_timeout = 2147483[0m
  [1m[35m (0.0ms)[0m  [1m[34mSELECT DATABASE() as db[0m
  [1m[35m (0.0ms)[0m  [1m[34mSELECT GET_LOCK(2253939812606074005, 0)[0m
  [1m[35m (0.0ms)[0m  [1m[34mSELECT `schema_migrations`.`version` FROM `schema_migrations` ORDER BY `schema_migrations`.`version` ASC[0m
Migrating to CreateArticles (20170706093418)
  [1m[35m (200.0ms)[0m  [1m[35mCREATE TABLE `articles` (`id` bigint NOT NULL AUTO_INCREMENT PRIMARY KEY, `title` varchar(255), `body` text, `created_at` datetime NOT NULL, `updated_at` datetime NOT NULL) ENGINE=InnoDB[0m
  [1m[35m (0.0ms)[0m  [1m[35mBEGIN[0m
  [1m[35mSQL (0.0ms)[0m  [1m[32mINSERT INTO `schema_migrations` (`version`) VALUES ('20170706093418')[0m
  [1m[35m (20.0ms)[0m  [1m[35mCOMMIT[0m
  [1m[36mActiveRecord::InternalMetadata Load (0.0ms)[0m  [1m[34mSELECT  `ar_internal_metadata`.* FROM `ar_internal_metadata` WHERE `ar_internal_metadata`.`key` = 'environment' LIMIT 1[0m
  [1m[35m (0.0ms)[0m  [1m[35mBEGIN[0m
  [1m[35m (0.0ms)[0m  [1m[35mCOMMIT[0m
  [1m[35m (0.0ms)[0m  [1m[34mSELECT RELEASE_LOCK(2253939812606074005)[0m
  [1m[35m (0.0ms)[0m  [1m[34mSELECT `schema_migrations`.`version` FROM `schema_migrations` ORDER BY `schema_migrations`.`version` ASC[0m
  [1m[35m (10.0ms)[0m  [1m[35mSHOW CREATE TABLE `articles`[0m
  [1m[35m (0.0ms)[0m  [1m[35mSHOW TABLE STATUS LIKE 'articles'[0m
  [1m[35m (0.0ms)[0m  [1m[35mSET  @@SESSION.sql_mode = CONCAT(CONCAT(@@sql_mode, ',STRICT_ALL_TABLES'), ',NO_AUTO_VALUE_ON_ZERO'),  @@SESSION.sql_auto_is_null = 0, @@SESSION.wait_timeout = 2147483[0m
  [1m[35m (0.0ms)[0m  [1m[34mSELECT `schema_migrations`.`version` FROM `schema_migrations` ORDER BY `schema_migrations`.`version` ASC[0m
  [1m[35m (0.0ms)[0m  [1m[35mBEGIN[0m
  [1m[35mSQL (0.0ms)[0m  [1m[32mINSERT INTO `articles` (`title`, `body`, `created_at`, `updated_at`) VALUES ('Mr Standfast', 'Dicta esse eaque est.', '2017-07-14 05:26:06', '2017-07-14 05:26:06')[0m
  [1m[35m (65.0ms)[0m  [1m[35mCOMMIT[0m
  [1m[35m (0.0ms)[0m  [1m[35mBEGIN[0m
  [1m[35mSQL (0.0ms)[0m  [1m[32mINSERT INTO `articles` (`title`, `body`, `created_at`, `updated_at`) VALUES ('The Heart Is a Lonely Hunter', 'Eius excepturi iusto quia porro nihil laboriosam quam.', '2017-07-14 05:26:06', '2017-07-14 05:26:06')[0m
  [1m[35m (50.0ms)[0m  [1m[35mCOMMIT[0m
  [1m[35m (0.0ms)[0m  [1m[35mBEGIN[0m
  [1m[35mSQL (0.0ms)[0m  [1m[32mINSERT INTO `articles` (`title`, `body`, `created_at`, `updated_at`) VALUES ('If Not Now, When?', 'Ab et deleniti optio aut ullam voluptas.', '2017-07-14 05:26:06', '2017-07-14 05:26:06')[0m
  [1m[35m (46.0ms)[0m  [1m[35mCOMMIT[0m
  [1m[35m (0.0ms)[0m  [1m[35mBEGIN[0m
  [1m[35mSQL (0.0ms)[0m  [1m[32mINSERT INTO `articles` (`title`, `body`, `created_at`, `updated_at`) VALUES ('Far From the Madding Crowd', 'Similique voluptate suscipit doloremque quia sit est.', '2017-07-14 05:26:06', '2017-07-14 05:26:06')[0m
  [1m[35m (45.0ms)[0m  [1m[35mCOMMIT[0m
  [1m[35m (0.0ms)[0m  [1m[35mBEGIN[0m
  [1m[35mSQL (0.0ms)[0m  [1m[32mINSERT INTO `articles` (`title`, `body`, `created_at`, `updated_at`) VALUES ('Vile Bodies', 'Ut nihil et est natus at unde.', '2017-07-14 05:26:06', '2017-07-14 05:26:06')[0m
  [1m[35m (20.0ms)[0m  [1m[35mCOMMIT[0m
Started GET "/api/v1/articles" for 192.168.1.32 at 2017-07-14 11:50:59 +0530
  [1m[35m (0.0ms)[0m  [1m[35mSET  @@SESSION.sql_mode = CONCAT(CONCAT(@@sql_mode, ',STRICT_ALL_TABLES'), ',NO_AUTO_VALUE_ON_ZERO'),  @@SESSION.sql_auto_is_null = 0, @@SESSION.wait_timeout = 2147483[0m
  [1m[35m (0.0ms)[0m  [1m[34mSELECT `schema_migrations`.`version` FROM `schema_migrations` ORDER BY `schema_migrations`.`version` ASC[0m
Processing by Api::V1::ArticlesController#index as */*
  [1m[36mArticle Load (0.0ms)[0m  [1m[34mSELECT `articles`.* FROM `articles` ORDER BY created_at DESC[0m
Completed 200 OK in 20ms (Views: 14.7ms | ActiveRecord: 0.0ms)


Started POST "/api/v1/articles" for 192.168.1.32 at 2017-07-14 11:57:25 +0530
Processing by Api::V1::ArticlesController#create as */*
  Parameters: {"title"=>"this is test title", "body"=>"this is test body", "article"=>{"title"=>"this is test title", "body"=>"this is test body"}}
Unpermitted parameter: :article
  [1m[35m (0.0ms)[0m  [1m[35mSET  @@SESSION.sql_mode = CONCAT(CONCAT(@@sql_mode, ',STRICT_ALL_TABLES'), ',NO_AUTO_VALUE_ON_ZERO'),  @@SESSION.sql_auto_is_null = 0, @@SESSION.wait_timeout = 2147483[0m
  [1m[35m (0.0ms)[0m  [1m[35mBEGIN[0m
  [1m[35mSQL (6.0ms)[0m  [1m[32mINSERT INTO `articles` (`title`, `body`, `created_at`, `updated_at`) VALUES ('this is test title', 'this is test body', '2017-07-14 06:27:25', '2017-07-14 06:27:25')[0m
  [1m[35m (25.0ms)[0m  [1m[35mCOMMIT[0m
Completed 200 OK in 41ms (Views: 0.7ms | ActiveRecord: 31.0ms)


Started GET "/api/v1/articles" for 192.168.1.32 at 2017-07-14 12:56:33 +0530
Processing by Api::V1::ArticlesController#index as */*
  Parameters: {"article"=>{}}
  [1m[36mArticle Load (43.0ms)[0m  [1m[34mSELECT `articles`.* FROM `articles` ORDER BY created_at DESC[0m
Completed 200 OK in 166ms (Views: 122.6ms | ActiveRecord: 43.0ms)


Started DELETE "/api/v1/articles" for 192.168.1.32 at 2017-07-14 12:56:50 +0530
  
ActionController::RoutingError (No route matches [DELETE] "/api/v1/articles"):
  
actionpack (5.1.2) lib/action_dispatch/middleware/debug_exceptions.rb:63:in `call'
actionpack (5.1.2) lib/action_dispatch/middleware/show_exceptions.rb:31:in `call'
railties (5.1.2) lib/rails/rack/logger.rb:36:in `call_app'
railties (5.1.2) lib/rails/rack/logger.rb:24:in `block in call'
activesupport (5.1.2) lib/active_support/tagged_logging.rb:69:in `block in tagged'
activesupport (5.1.2) lib/active_support/tagged_logging.rb:26:in `tagged'
activesupport (5.1.2) lib/active_support/tagged_logging.rb:69:in `tagged'
railties (5.1.2) lib/rails/rack/logger.rb:24:in `call'
actionpack (5.1.2) lib/action_dispatch/middleware/remote_ip.rb:79:in `call'
actionpack (5.1.2) lib/action_dispatch/middleware/request_id.rb:25:in `call'
rack (2.0.3) lib/rack/runtime.rb:22:in `call'
activesupport (5.1.2) lib/active_support/cache/strategy/local_cache_middleware.rb:27:in `call'
actionpack (5.1.2) lib/action_dispatch/middleware/executor.rb:12:in `call'
actionpack (5.1.2) lib/action_dispatch/middleware/static.rb:125:in `call'
rack (2.0.3) lib/rack/sendfile.rb:111:in `call'
railties (5.1.2) lib/rails/engine.rb:522:in `call'
puma (3.9.1) lib/puma/configuration.rb:224:in `call'
puma (3.9.1) lib/puma/server.rb:602:in `handle_request'
puma (3.9.1) lib/puma/server.rb:435:in `process_client'
puma (3.9.1) lib/puma/server.rb:299:in `block in run'
puma (3.9.1) lib/puma/thread_pool.rb:120:in `call'
puma (3.9.1) lib/puma/thread_pool.rb:120:in `block in spawn_thread'
Started DELETE "/api/v1/articles/6" for 192.168.1.32 at 2017-07-14 12:57:01 +0530
Processing by Api::V1::ArticlesController#destroy as */*
  Parameters: {"title"=>"this is test title", "body"=>"this is test body", "id"=>"6", "article"=>{"title"=>"this is test title", "body"=>"this is test body"}}
  [1m[36mArticle Load (0.0ms)[0m  [1m[34mSELECT  `articles`.* FROM `articles` WHERE `articles`.`id` = 6 LIMIT 1[0m
  [1m[35m (0.0ms)[0m  [1m[35mBEGIN[0m
  [1m[35mSQL (132.0ms)[0m  [1m[31mDELETE FROM `articles` WHERE `articles`.`id` = 6[0m
  [1m[35m (186.0ms)[0m  [1m[35mCOMMIT[0m
Completed 200 OK in 664ms (Views: 1.0ms | ActiveRecord: 318.0ms)


Started GET "/api/v1/articles/6" for 192.168.1.32 at 2017-07-14 12:57:17 +0530
Processing by Api::V1::ArticlesController#show as */*
  Parameters: {"id"=>"6", "article"=>{}}
  [1m[36mArticle Load (554.0ms)[0m  [1m[34mSELECT  `articles`.* FROM `articles` WHERE `articles`.`id` = 6 LIMIT 1[0m
Completed 404 Not Found in 555ms (ActiveRecord: 554.0ms)


  
ActiveRecord::RecordNotFound (Couldn't find Article with 'id'=6):
  
app/controllers/api/v1/articles_controller.rb:11:in `show'
Started GET "/api/v1/articles/5" for 192.168.1.32 at 2017-07-14 12:57:23 +0530
Processing by Api::V1::ArticlesController#show as */*
  Parameters: {"id"=>"5", "article"=>{}}
  [1m[36mArticle Load (0.0ms)[0m  [1m[34mSELECT  `articles`.* FROM `articles` WHERE `articles`.`id` = 5 LIMIT 1[0m
Completed 200 OK in 0ms (Views: 0.5ms | ActiveRecord: 0.0ms)


